/omaf.js/
/Garage_gd2/dash/Garage_live.mpd
/Garage_gb2/dash/live/Ext_3_Seg_12.mp4
/Garage_gb2/dash/live/qp38/Track_47_Seg_12.mp4
/Garage_gb2/dash/live/qp38/Track_6_Seg_12.mp4
/Garage_gb2/dash/live/qp38/Track_11_Seg_12.mp4
/Garage_gb2/dash/live/qp38/Track_26_Seg_12.mp4
/Garage_gb2/dash/live/qp38/Track_27_Seg_12.mp4
/Garage_gb2/dash/live/qp38/Track_19_Seg_12.mp4
/Garage_gb2/dash/live/qp38/Track_25_Seg_12.mp4
/Garage_gb2/dash/live/qp38/Track_16_Seg_12.mp4
/Garage_gb2/dash/live/qp38/Track_12_Seg_12.mp4
/Garage_gb2/dash/live/qp38/Track_32_Seg_12.mp4
/Garage_gb2/dash/live/qp38/Track_22_Seg_12.mp4
/Garage_gb2/dash/live/qp38/Track_32_Seg_13.mp4
/Garage_gb2/dash/live/qp38/Track_27_Seg_13.mp4
/Garage_gb2/dash/live/Ext_3_Seg_13.mp4
/Garage_gb2/dash/live/qp38/Track_25_Seg_13.mp4
/Garage_gb2/dash/live/qp38/Track_47_Seg_13.mp4
/Garage_gb2/dash/live/qp38/Track_12_Seg_13.mp4
/Garage_gb2/dash/live/qp38/Track_6_Seg_13.mp4
/Garage_gb2/dash/live/qp38/Track_26_Seg_13.mp4
/Garage_gb2/dash/live/qp38/Track_22_Seg_13.mp4
/Garage_gb2/dash/live/qp38/Track_16_Seg_13.mp4
/Garage_gb2/dash/live/qp38/Track_11_Seg_13.mp4
/Garage_gb2/dash/live/qp38/Track_19_Seg_13.mp4
/Garage_gb2/dash/live/Ext_3_Seg_14.mp4
/Garage_gb2/dash/live/qp38/Track_26_Seg_14.mp4
/Garage_gb2/dash/live/qp38/Track_25_Seg_14.mp4
/Garage_gb2/dash/live/qp38/Track_6_Seg_14.mp4
/Garage_gb2/dash/live/qp38/Track_27_Seg_14.mp4
/Garage_gb2/dash/live/qp38/Track_32_Seg_14.mp4
/Garage_gb2/dash/live/qp38/Track_16_Seg_14.mp4
/Garage_gb2/dash/live/qp38/Track_47_Seg_14.mp4
/Garage_gb2/dash/live/qp38/Track_12_Seg_14.mp4
/Garage_gb2/dash/live/qp38/Track_11_Seg_14.mp4
/Garage_gb2/dash/live/qp38/Track_22_Seg_14.mp4
/Garage_gb2/dash/live/qp38/Track_19_Seg_14.mp4
/Garage_gb2/dash/live/Ext_3_Seg_15.mp4
/Garage_gb2/dash/live/qp38/Track_47_Seg_15.mp4
/Garage_gb2/dash/live/qp38/Track_28_Seg_15.mp4
/Garage_gb2/dash/live/qp38/Track_32_Seg_15.mp4
/Garage_gb2/dash/live/qp38/Track_26_Seg_15.mp4
/Garage_gb2/dash/live/qp38/Track_33_Seg_15.mp4
/Garage_gb2/dash/live/qp38/Track_39_Seg_15.mp4
/Garage_gb2/dash/live/qp38/Track_27_Seg_15.mp4
/Garage_gb2/dash/live/qp38/Track_25_Seg_15.mp4
/Garage_gb2/dash/live/qp38/Track_12_Seg_15.mp4
/Garage_gb2/dash/live/qp38/Track_34_Seg_15.mp4
/Garage_gb2/dash/live/qp38/Track_11_Seg_15.mp4
/Garage_gb2/dash/live/qp38/Track_18_Seg_15.mp4
/Garage_gb2/dash/live/qp38/Track_6_Seg_15.mp4
/Garage_gb2/dash/live/qp38/Track_16_Seg_15.mp4
/Garage_gb2/dash/live/qp38/Track_13_Seg_15.mp4
/Garage_gb2/dash/live/qp38/Track_22_Seg_15.mp4
/Garage_gb2/dash/live/qp38/Track_19_Seg_15.mp4
/Garage_gb2/dash/live/qp38/Track_34_Seg_16.mp4
/Garage_gb2/dash/live/Ext_3_Seg_16.mp4
/Garage_gb2/dash/live/Ext_3_Seg_17.mp4
/Garage_gb2/dash/live/qp38/Track_46_Seg_18.mp4
/Garage_gb2/dash/live/Ext_11_Seg_18.mp4
/Garage_gb2/dash/live/qp38/Track_23_Seg_18.mp4
/Garage_gb2/dash/live/qp38/Track_3_Seg_18.mp4
/Garage_gb2/dash/live/qp38/Track_43_Seg_18.mp4
/Garage_gb2/dash/live/Ext_11_Seg_19.mp4
/Garage_gb2/dash/live/qp38/Track_43_Seg_19.mp4
/Garage_gb2/dash/live/qp38/Track_23_Seg_19.mp4
/Garage_gb2/dash/live/qp38/Track_3_Seg_19.mp4
/Garage_gb2/dash/live/qp38/Track_46_Seg_19.mp4
/Garage_gb2/dash/live/Ext_12_Seg_20.mp4
/Garage_gb2/dash/live/qp38/Track_46_Seg_20.mp4
/Garage_gb2/dash/live/qp38/Track_43_Seg_20.mp4
/Garage_gb2/dash/live/qp38/Track_23_Seg_20.mp4
/Garage_gb2/dash/live/Ext_12_Seg_21.mp4
/Garage_gb2/dash/live/qp38/Track_43_Seg_21.mp4
/Garage_gb2/dash/live/qp38/Track_46_Seg_21.mp4
/Garage_gb2/dash/live/qp38/Track_23_Seg_21.mp4
/Garage_gb2/dash/live/qp38/Track_43_Seg_22.mp4
/Garage_gb2/dash/live/Ext_12_Seg_22.mp4
/Garage_gb2/dash/live/qp38/Track_46_Seg_22.mp4
/Garage_gb2/dash/live/qp38/Track_23_Seg_22.mp4
/Garage_gb2/dash/live/Ext_13_Seg_27.mp4
/Garage_gb2/dash/live/qp38/Track_16_Seg_27.mp4
/Garage_gb2/dash/live/qp38/Track_11_Seg_27.mp4
/Garage_gb2/dash/live/Ext_13_Seg_28.mp4
/Garage_gb2/dash/live/qp38/Track_16_Seg_28.mp4
/Garage_gb2/dash/live/qp38/Track_11_Seg_28.mp4
/Garage_gb2/dash/live/Ext_13_Seg_29.mp4
/Garage_gb2/dash/live/qp38/Track_16_Seg_29.mp4
/Garage_gb2/dash/live/qp38/Track_11_Seg_29.mp4
/Garage_gb2/dash/live/Ext_13_Seg_30.mp4
/Garage_gb2/dash/live/qp38/Track_16_Seg_30.mp4
/Garage_gb2/dash/live/qp38/Track_11_Seg_30.mp4
/Garage_gb2/dash/live/qp38/Track_11_Seg_31.mp4
/Garage_gb2/dash/live/Ext_13_Seg_31.mp4
/Garage_gb2/dash/live/qp38/Track_16_Seg_31.mp4
/Garage_gb2/dash/live/Ext_13_Seg_32.mp4
/Garage_gb2/dash/live/qp38/Track_16_Seg_32.mp4
/Garage_gb2/dash/live/qp38/Track_11_Seg_32.mp4
/Garage_gb2/dash/live/Ext_13_Seg_33.mp4
/Garage_gb2/dash/live/qp38/Track_16_Seg_33.mp4
/Garage_gb2/dash/live/qp38/Track_11_Seg_33.mp4
/Garage_gb2/dash/live/Ext_13_Seg_34.mp4
/Garage_gb2/dash/live/qp38/Track_11_Seg_34.mp4
/Garage_gb2/dash/live/qp38/Track_16_Seg_34.mp4
/Garage_gb2/dash/live/qp38/Track_11_Seg_35.mp4
/Garage_gb2/dash/live/Ext_13_Seg_35.mp4
/Garage_gb2/dash/live/qp38/Track_16_Seg_35.mp4
/Garage_gb2/dash/live/Ext_18_Seg_44.mp4
/Garage_gb2/dash/live/Ext_18_Seg_45.mp4
/Garage_gb2/dash/live/Ext_18_Seg_46.mp4
/Garage_gb2/dash/live/qp38/Track_41_Seg_46.mp4
/Garage_gb2/dash/live/qp38/Track_21_Seg_46.mp4
/Garage_gb2/dash/live/qp38/Track_38_Seg_46.mp4
/Garage_gb2/dash/live/qp38/Track_20_Seg_46.mp4
/Garage_gb2/dash/live/Ext_18_Seg_47.mp4
/Garage_gb2/dash/live/qp38/Track_38_Seg_47.mp4
/Garage_gb2/dash/live/qp38/Track_21_Seg_47.mp4
/Garage_gb2/dash/live/qp38/Track_41_Seg_47.mp4
/Garage_gb2/dash/live/qp38/Track_20_Seg_47.mp4
/Garage_gb2/dash/live/Ext_18_Seg_48.mp4
/Garage_gb2/dash/live/qp38/Track_37_Seg_48.mp4
/Garage_gb2/dash/live/qp38/Track_4_Seg_48.mp4
/Garage_gb2/dash/live/qp38/Track_10_Seg_48.mp4
/Garage_gb2/dash/live/qp38/Track_38_Seg_48.mp4
/Garage_gb2/dash/live/qp38/Track_42_Seg_48.mp4
/Garage_gb2/dash/live/qp38/Track_15_Seg_48.mp4
/Garage_gb2/dash/live/qp38/Track_41_Seg_48.mp4
/Garage_gb2/dash/live/qp38/Track_9_Seg_48.mp4
/Garage_gb2/dash/live/qp38/Track_41_Seg_49.mp4
/Garage_gb2/dash/live/Ext_18_Seg_49.mp4
/Garage_gb2/dash/live/qp38/Track_38_Seg_49.mp4
/Garage_gb2/dash/live/qp38/Track_37_Seg_49.mp4
/Garage_gb2/dash/live/qp38/Track_15_Seg_49.mp4
/Garage_gb2/dash/live/qp38/Track_4_Seg_49.mp4
/Garage_gb2/dash/live/qp38/Track_42_Seg_49.mp4
/Garage_gb2/dash/live/qp38/Track_10_Seg_49.mp4
/Garage_gb2/dash/live/qp38/Track_9_Seg_49.mp4
/Garage_gb2/dash/live/Ext_2_Seg_50.mp4
/Garage_gb2/dash/live/qp38/Track_26_Seg_50.mp4
/Garage_gb2/dash/live/qp38/Track_25_Seg_50.mp4
/Garage_gb2/dash/live/qp38/Track_41_Seg_50.mp4
/Garage_gb2/dash/live/qp38/Track_47_Seg_50.mp4
/Garage_gb2/dash/live/qp38/Track_32_Seg_50.mp4
/Garage_gb2/dash/live/qp38/Track_27_Seg_50.mp4
/Garage_gb2/dash/live/qp38/Track_5_Seg_50.mp4
/Garage_gb2/dash/live/qp38/Track_38_Seg_50.mp4
/Garage_gb2/dash/live/qp38/Track_31_Seg_50.mp4
/Garage_gb2/dash/live/qp38/Track_12_Seg_50.mp4
/Garage_gb2/dash/live/qp38/Track_10_Seg_50.mp4
/Garage_gb2/dash/live/qp38/Track_6_Seg_50.mp4
/Garage_gb2/dash/live/qp38/Track_22_Seg_50.mp4
/Garage_gb2/dash/live/qp38/Track_16_Seg_50.mp4
/Garage_gb2/dash/live/qp38/Track_11_Seg_50.mp4
/Garage_gb2/dash/live/qp38/Track_19_Seg_50.mp4
/Garage_gb2/dash/live/Ext_2_Seg_51.mp4
/Garage_gb2/dash/live/qp38/Track_41_Seg_51.mp4
/Garage_gb2/dash/live/qp38/Track_26_Seg_51.mp4
/Garage_gb2/dash/live/qp38/Track_33_Seg_51.mp4
/Garage_gb2/dash/live/qp38/Track_31_Seg_51.mp4
/Garage_gb2/dash/live/qp38/Track_25_Seg_51.mp4
/Garage_gb2/dash/live/qp38/Track_39_Seg_51.mp4
/Garage_gb2/dash/live/qp38/Track_32_Seg_51.mp4
/Garage_gb2/dash/live/qp38/Track_5_Seg_51.mp4
/Garage_gb2/dash/live/qp38/Track_6_Seg_51.mp4
/Garage_gb2/dash/live/qp38/Track_38_Seg_51.mp4
/Garage_gb2/dash/live/qp38/Track_13_Seg_51.mp4
/Garage_gb2/dash/live/qp38/Track_11_Seg_51.mp4
/Garage_gb2/dash/live/qp38/Track_10_Seg_51.mp4
/Garage_gb2/dash/live/qp38/Track_16_Seg_51.mp4
/Garage_gb2/dash/live/qp38/Track_12_Seg_51.mp4
/Garage_gb2/dash/live/qp38/Track_18_Seg_51.mp4
/Garage_gb2/dash/live/qp38/Track_32_Seg_52.mp4
/Garage_gb2/dash/live/qp38/Track_33_Seg_52.mp4
/Garage_gb2/dash/live/Ext_2_Seg_52.mp4
/Garage_gb2/dash/live/qp38/Track_26_Seg_52.mp4
/Garage_gb2/dash/live/qp38/Track_41_Seg_52.mp4
/Garage_gb2/dash/live/qp38/Track_38_Seg_52.mp4
/Garage_gb2/dash/live/qp38/Track_25_Seg_52.mp4
/Garage_gb2/dash/live/qp38/Track_39_Seg_52.mp4
/Garage_gb2/dash/live/qp38/Track_10_Seg_52.mp4
/Garage_gb2/dash/live/qp38/Track_31_Seg_52.mp4
/Garage_gb2/dash/live/qp38/Track_6_Seg_52.mp4
/Garage_gb2/dash/live/qp38/Track_5_Seg_52.mp4
/Garage_gb2/dash/live/qp38/Track_12_Seg_52.mp4
/Garage_gb2/dash/live/qp38/Track_13_Seg_52.mp4
/Garage_gb2/dash/live/qp38/Track_11_Seg_52.mp4
/Garage_gb2/dash/live/qp38/Track_18_Seg_52.mp4
/Garage_gb2/dash/live/qp38/Track_16_Seg_52.mp4
/Garage_gb2/dash/live/qp38/Track_41_Seg_53.mp4
/Garage_gb2/dash/live/Ext_2_Seg_53.mp4
/Garage_gb2/dash/live/qp38/Track_32_Seg_53.mp4
/Garage_gb2/dash/live/qp38/Track_33_Seg_53.mp4
/Garage_gb2/dash/live/qp38/Track_38_Seg_53.mp4
/Garage_gb2/dash/live/qp38/Track_26_Seg_53.mp4
/Garage_gb2/dash/live/qp38/Track_39_Seg_53.mp4
/Garage_gb2/dash/live/qp38/Track_10_Seg_53.mp4
/Garage_gb2/dash/live/qp38/Track_25_Seg_53.mp4
/Garage_gb2/dash/live/qp38/Track_6_Seg_53.mp4
/Garage_gb2/dash/live/qp38/Track_13_Seg_53.mp4
/Garage_gb2/dash/live/qp38/Track_5_Seg_53.mp4
/Garage_gb2/dash/live/qp38/Track_12_Seg_53.mp4
/Garage_gb2/dash/live/qp38/Track_18_Seg_53.mp4
/Garage_gb2/dash/live/qp38/Track_11_Seg_53.mp4
/Garage_gb2/dash/live/qp38/Track_16_Seg_53.mp4
/Garage_gb2/dash/live/qp38/Track_31_Seg_53.mp4
/Garage_gb2/dash/live/qp38/Track_41_Seg_54.mp4
/Garage_gb2/dash/live/Ext_2_Seg_54.mp4
/Garage_gb2/dash/live/qp38/Track_25_Seg_54.mp4
/Garage_gb2/dash/live/qp38/Track_33_Seg_54.mp4
/Garage_gb2/dash/live/qp38/Track_39_Seg_54.mp4
/Garage_gb2/dash/live/qp38/Track_26_Seg_54.mp4
/Garage_gb2/dash/live/qp38/Track_31_Seg_54.mp4
/Garage_gb2/dash/live/qp38/Track_6_Seg_54.mp4
/Garage_gb2/dash/live/qp38/Track_32_Seg_54.mp4
/Garage_gb2/dash/live/qp38/Track_5_Seg_54.mp4
/Garage_gb2/dash/live/qp38/Track_12_Seg_54.mp4
/Garage_gb2/dash/live/qp38/Track_38_Seg_54.mp4
/Garage_gb2/dash/live/qp38/Track_18_Seg_54.mp4
/Garage_gb2/dash/live/qp38/Track_11_Seg_54.mp4
/Garage_gb2/dash/live/qp38/Track_10_Seg_54.mp4
/Garage_gb2/dash/live/qp38/Track_16_Seg_54.mp4
/Garage_gb2/dash/live/qp38/Track_13_Seg_54.mp4
/Garage_gb2/dash/live/qp38/Track_33_Seg_55.mp4
/Garage_gb2/dash/live/qp38/Track_41_Seg_55.mp4
/Garage_gb2/dash/live/Ext_3_Seg_55.mp4
/Garage_gb2/dash/live/qp38/Track_32_Seg_55.mp4
/Garage_gb2/dash/live/qp38/Track_39_Seg_55.mp4
/Garage_gb2/dash/live/qp38/Track_25_Seg_55.mp4
/Garage_gb2/dash/live/qp38/Track_26_Seg_55.mp4
/Garage_gb2/dash/live/qp38/Track_13_Seg_55.mp4
/Garage_gb2/dash/live/qp38/Track_6_Seg_55.mp4
/Garage_gb2/dash/live/qp38/Track_11_Seg_55.mp4
/Garage_gb2/dash/live/qp38/Track_16_Seg_55.mp4
/Garage_gb2/dash/live/qp38/Track_12_Seg_55.mp4
/Garage_gb2/dash/live/qp38/Track_18_Seg_55.mp4
/Garage_gb2/dash/live/Ext_3_Seg_56.mp4
/Garage_gb2/dash/live/qp38/Track_33_Seg_56.mp4
/Garage_gb2/dash/live/qp38/Track_41_Seg_56.mp4
/Garage_gb2/dash/live/qp38/Track_26_Seg_56.mp4
/Garage_gb2/dash/live/qp38/Track_39_Seg_56.mp4
/Garage_gb2/dash/live/qp38/Track_25_Seg_56.mp4
/Garage_gb2/dash/live/qp38/Track_32_Seg_56.mp4
/Garage_gb2/dash/live/qp38/Track_13_Seg_56.mp4
/Garage_gb2/dash/live/qp38/Track_11_Seg_56.mp4
/Garage_gb2/dash/live/qp38/Track_6_Seg_56.mp4
/Garage_gb2/dash/live/qp38/Track_16_Seg_56.mp4
/Garage_gb2/dash/live/qp38/Track_12_Seg_56.mp4
/Garage_gb2/dash/live/qp38/Track_18_Seg_56.mp4
/Garage_gb2/dash/live/qp38/Track_32_Seg_57.mp4
/Garage_gb2/dash/live/qp38/Track_39_Seg_57.mp4
/Garage_gb2/dash/live/Ext_3_Seg_57.mp4
/Garage_gb2/dash/live/qp38/Track_25_Seg_57.mp4
/Garage_gb2/dash/live/qp38/Track_6_Seg_57.mp4
/Garage_gb2/dash/live/qp38/Track_11_Seg_57.mp4
/Garage_gb2/dash/live/qp38/Track_41_Seg_57.mp4
/Garage_gb2/dash/live/qp38/Track_18_Seg_57.mp4
/Garage_gb2/dash/live/qp38/Track_16_Seg_57.mp4
/Garage_gb2/dash/live/Ext_3_Seg_58.mp4
/Garage_gb2/dash/live/qp38/Track_32_Seg_58.mp4
/Garage_gb2/dash/live/qp38/Track_39_Seg_58.mp4
/Garage_gb2/dash/live/qp38/Track_18_Seg_58.mp4
/Garage_gb2/dash/live/qp38/Track_41_Seg_58.mp4
/Garage_gb2/dash/live/qp38/Track_6_Seg_58.mp4
/Garage_gb2/dash/live/qp38/Track_25_Seg_58.mp4
/Garage_gb2/dash/live/qp38/Track_16_Seg_58.mp4
/Garage_gb2/dash/live/qp38/Track_11_Seg_58.mp4
/Garage_gb2/dash/live/qp38/Track_7_Seg_59.mp4
/Garage_gb2/dash/live/qp38/Track_48_Seg_59.mp4
/Garage_gb2/dash/live/Ext_3_Seg_59.mp4
/Garage_gb2/dash/live/qp38/Track_28_Seg_59.mp4
/Garage_gb2/dash/live/qp38/Track_29_Seg_59.mp4
/Garage_gb2/dash/live/qp38/Track_21_Seg_59.mp4
/Garage_gb2/dash/live/qp38/Track_41_Seg_59.mp4
/Garage_gb2/dash/live/qp38/Track_16_Seg_59.mp4
/Garage_gb2/dash/live/qp38/Track_20_Seg_59.mp4
/Garage_gb2/dash/live/Ext_3_Seg_60.mp4
/Garage_gb2/dash/live/qp38/Track_7_Seg_60.mp4
/Garage_gb2/dash/live/qp38/Track_41_Seg_60.mp4
/Garage_gb2/dash/live/qp38/Track_16_Seg_60.mp4
/Garage_gb2/dash/live/qp38/Track_29_Seg_60.mp4
/Garage_gb2/dash/live/qp38/Track_28_Seg_60.mp4
/Garage_gb2/dash/live/qp38/Track_20_Seg_60.mp4
/Garage_gb2/dash/live/qp38/Track_48_Seg_60.mp4
/Garage_gb2/dash/live/qp38/Track_21_Seg_60.mp4
/Garage_gb2/dash/live/Ext_3_Seg_61.mp4
/Garage_gb2/dash/live/qp38/Track_28_Seg_61.mp4
/Garage_gb2/dash/live/qp38/Track_7_Seg_61.mp4
/Garage_gb2/dash/live/qp38/Track_48_Seg_61.mp4
/Garage_gb2/dash/live/qp38/Track_16_Seg_61.mp4
/Garage_gb2/dash/live/qp38/Track_29_Seg_61.mp4
/Garage_gb2/dash/live/qp38/Track_41_Seg_61.mp4
/Garage_gb2/dash/live/qp38/Track_21_Seg_61.mp4
/Garage_gb2/dash/live/qp38/Track_20_Seg_61.mp4
/Garage_gb2/dash/live/Ext_9_Seg_62.mp4
/Garage_gb2/dash/live/qp38/Track_33_Seg_62.mp4
/Garage_gb2/dash/live/qp38/Track_26_Seg_62.mp4
/Garage_gb2/dash/live/qp38/Track_28_Seg_62.mp4
/Garage_gb2/dash/live/qp38/Track_34_Seg_62.mp4
/Garage_gb2/dash/live/qp38/Track_40_Seg_62.mp4
/Garage_gb2/dash/live/qp38/Track_1_Seg_62.mp4
/Garage_gb2/dash/live/qp38/Track_27_Seg_62.mp4
/Garage_gb2/dash/live/qp38/Track_35_Seg_62.mp4
/Garage_gb2/dash/live/qp38/Track_17_Seg_62.mp4
/Garage_gb2/dash/live/qp38/Track_47_Seg_62.mp4
/Garage_gb2/dash/live/qp38/Track_14_Seg_62.mp4
/Garage_gb2/dash/live/qp38/Track_20_Seg_62.mp4
/Garage_gb2/dash/live/qp38/Track_13_Seg_62.mp4
/Garage_gb2/dash/live/qp38/Track_19_Seg_62.mp4
/Garage_gb2/dash/live/qp38/Track_18_Seg_62.mp4
/Garage_gb2/dash/live/qp38/Track_22_Seg_62.mp4
/Garage_gb2/dash/live/Ext_9_Seg_63.mp4
/Garage_gb2/dash/live/qp38/Track_40_Seg_63.mp4
/Garage_gb2/dash/live/qp38/Track_34_Seg_63.mp4
/Garage_gb2/dash/live/qp38/Track_28_Seg_63.mp4
/Garage_gb2/dash/live/qp38/Track_26_Seg_63.mp4
/Garage_gb2/dash/live/qp38/Track_33_Seg_63.mp4
/Garage_gb2/dash/live/qp38/Track_1_Seg_63.mp4
/Garage_gb2/dash/live/qp38/Track_47_Seg_63.mp4
/Garage_gb2/dash/live/qp38/Track_27_Seg_63.mp4
/Garage_gb2/dash/live/qp38/Track_17_Seg_63.mp4
/Garage_gb2/dash/live/qp38/Track_13_Seg_63.mp4
/Garage_gb2/dash/live/qp38/Track_35_Seg_63.mp4
/Garage_gb2/dash/live/qp38/Track_20_Seg_63.mp4
/Garage_gb2/dash/live/qp38/Track_18_Seg_63.mp4
/Garage_gb2/dash/live/qp38/Track_14_Seg_63.mp4
/Garage_gb2/dash/live/qp38/Track_22_Seg_63.mp4
/Garage_gb2/dash/live/qp38/Track_19_Seg_63.mp4
/Garage_gb2/dash/live/qp38/Track_26_Seg_64.mp4
/Garage_gb2/dash/live/qp38/Track_34_Seg_64.mp4
/Garage_gb2/dash/live/Ext_9_Seg_64.mp4
/Garage_gb2/dash/live/qp38/Track_40_Seg_64.mp4
/Garage_gb2/dash/live/qp38/Track_33_Seg_64.mp4
/Garage_gb2/dash/live/qp38/Track_47_Seg_64.mp4
/Garage_gb2/dash/live/qp38/Track_28_Seg_64.mp4
/Garage_gb2/dash/live/qp38/Track_27_Seg_64.mp4
/Garage_gb2/dash/live/qp38/Track_14_Seg_64.mp4
/Garage_gb2/dash/live/qp38/Track_1_Seg_64.mp4
/Garage_gb2/dash/live/qp38/Track_35_Seg_64.mp4
/Garage_gb2/dash/live/qp38/Track_19_Seg_64.mp4
/Garage_gb2/dash/live/qp38/Track_17_Seg_64.mp4
/Garage_gb2/dash/live/qp38/Track_13_Seg_64.mp4
/Garage_gb2/dash/live/qp38/Track_20_Seg_64.mp4
/Garage_gb2/dash/live/qp38/Track_18_Seg_64.mp4
/Garage_gb2/dash/live/qp38/Track_22_Seg_64.mp4
/Garage_gb2/dash/live/Ext_9_Seg_65.mp4
/Garage_gb2/dash/live/qp38/Track_33_Seg_65.mp4
/Garage_gb2/dash/live/qp38/Track_28_Seg_65.mp4
/Garage_gb2/dash/live/qp38/Track_27_Seg_65.mp4
/Garage_gb2/dash/live/qp38/Track_47_Seg_65.mp4
/Garage_gb2/dash/live/qp38/Track_40_Seg_65.mp4
/Garage_gb2/dash/live/qp38/Track_34_Seg_65.mp4
/Garage_gb2/dash/live/qp38/Track_14_Seg_65.mp4
/Garage_gb2/dash/live/qp38/Track_1_Seg_65.mp4
/Garage_gb2/dash/live/qp38/Track_35_Seg_65.mp4
/Garage_gb2/dash/live/qp38/Track_18_Seg_65.mp4
/Garage_gb2/dash/live/qp38/Track_17_Seg_65.mp4
/Garage_gb2/dash/live/qp38/Track_13_Seg_65.mp4
/Garage_gb2/dash/live/qp38/Track_22_Seg_65.mp4
/Garage_gb2/dash/live/qp38/Track_19_Seg_65.mp4
/Garage_gb2/dash/live/qp38/Track_26_Seg_65.mp4
/Garage_gb2/dash/live/qp38/Track_20_Seg_65.mp4
/Garage_gb2/dash/live/qp38/Track_33_Seg_66.mp4
/Garage_gb2/dash/live/Ext_9_Seg_66.mp4
/Garage_gb2/dash/live/qp38/Track_26_Seg_66.mp4
/Garage_gb2/dash/live/qp38/Track_27_Seg_66.mp4
/Garage_gb2/dash/live/qp38/Track_47_Seg_66.mp4
/Garage_gb2/dash/live/qp38/Track_40_Seg_66.mp4
/Garage_gb2/dash/live/qp38/Track_34_Seg_66.mp4
/Garage_gb2/dash/live/qp38/Track_13_Seg_66.mp4
/Garage_gb2/dash/live/qp38/Track_35_Seg_66.mp4
/Garage_gb2/dash/live/qp38/Track_28_Seg_66.mp4
/Garage_gb2/dash/live/qp38/Track_18_Seg_66.mp4
/Garage_gb2/dash/live/qp38/Track_14_Seg_66.mp4
/Garage_gb2/dash/live/qp38/Track_1_Seg_66.mp4
/Garage_gb2/dash/live/qp38/Track_22_Seg_66.mp4
/Garage_gb2/dash/live/qp38/Track_19_Seg_66.mp4
/Garage_gb2/dash/live/qp38/Track_17_Seg_66.mp4
/Garage_gb2/dash/live/qp38/Track_20_Seg_66.mp4
/Garage_gb2/dash/live/qp38/Track_40_Seg_67.mp4
/Garage_gb2/dash/live/qp38/Track_34_Seg_67.mp4
/Garage_gb2/dash/live/Ext_9_Seg_67.mp4
/Garage_gb2/dash/live/qp38/Track_26_Seg_67.mp4
/Garage_gb2/dash/live/qp38/Track_33_Seg_67.mp4
/Garage_gb2/dash/live/qp38/Track_47_Seg_67.mp4
/Garage_gb2/dash/live/qp38/Track_28_Seg_67.mp4
/Garage_gb2/dash/live/qp38/Track_27_Seg_67.mp4
/Garage_gb2/dash/live/qp38/Track_14_Seg_67.mp4
/Garage_gb2/dash/live/qp38/Track_1_Seg_67.mp4
/Garage_gb2/dash/live/qp38/Track_35_Seg_67.mp4
/Garage_gb2/dash/live/qp38/Track_19_Seg_67.mp4
/Garage_gb2/dash/live/qp38/Track_17_Seg_67.mp4
/Garage_gb2/dash/live/qp38/Track_13_Seg_67.mp4
/Garage_gb2/dash/live/qp38/Track_20_Seg_67.mp4
/Garage_gb2/dash/live/qp38/Track_18_Seg_67.mp4
/Garage_gb2/dash/live/qp38/Track_22_Seg_67.mp4
/Garage_gb2/dash/live/Ext_9_Seg_68.mp4
/Garage_gb2/dash/live/qp38/Track_34_Seg_68.mp4
/Garage_gb2/dash/live/qp38/Track_39_Seg_68.mp4
/Garage_gb2/dash/live/qp38/Track_27_Seg_68.mp4
/Garage_gb2/dash/live/qp38/Track_40_Seg_68.mp4
/Garage_gb2/dash/live/qp38/Track_33_Seg_68.mp4
/Garage_gb2/dash/live/qp38/Track_28_Seg_68.mp4
/Garage_gb2/dash/live/qp38/Track_13_Seg_68.mp4
/Garage_gb2/dash/live/qp38/Track_32_Seg_68.mp4
/Garage_gb2/dash/live/qp38/Track_1_Seg_68.mp4
/Garage_gb2/dash/live/qp38/Track_18_Seg_68.mp4
/Garage_gb2/dash/live/qp38/Track_35_Seg_68.mp4
/Garage_gb2/dash/live/qp38/Track_17_Seg_68.mp4
/Garage_gb2/dash/live/qp38/Track_22_Seg_68.mp4
/Garage_gb2/dash/live/qp38/Track_14_Seg_68.mp4
/Garage_gb2/dash/live/qp38/Track_20_Seg_68.mp4
/Garage_gb2/dash/live/qp38/Track_19_Seg_68.mp4
/Garage_gb2/dash/live/qp38/Track_33_Seg_69.mp4
/Garage_gb2/dash/live/Ext_9_Seg_69.mp4
/Garage_gb2/dash/live/qp38/Track_34_Seg_69.mp4
/Garage_gb2/dash/live/qp38/Track_39_Seg_69.mp4
/Garage_gb2/dash/live/qp38/Track_28_Seg_69.mp4
/Garage_gb2/dash/live/qp38/Track_32_Seg_69.mp4
/Garage_gb2/dash/live/qp38/Track_27_Seg_69.mp4
/Garage_gb2/dash/live/qp38/Track_13_Seg_69.mp4
/Garage_gb2/dash/live/qp38/Track_40_Seg_69.mp4
/Garage_gb2/dash/live/qp38/Track_35_Seg_69.mp4
/Garage_gb2/dash/live/qp38/Track_18_Seg_69.mp4
/Garage_gb2/dash/live/qp38/Track_17_Seg_69.mp4
/Garage_gb2/dash/live/qp38/Track_1_Seg_69.mp4
/Garage_gb2/dash/live/qp38/Track_22_Seg_69.mp4
/Garage_gb2/dash/live/qp38/Track_14_Seg_69.mp4
/Garage_gb2/dash/live/qp38/Track_20_Seg_69.mp4
/Garage_gb2/dash/live/qp38/Track_19_Seg_69.mp4
/Garage_gb2/dash/live/qp38/Track_33_Seg_70.mp4
/Garage_gb2/dash/live/Ext_9_Seg_70.mp4
/Garage_gb2/dash/live/qp38/Track_27_Seg_70.mp4
/Garage_gb2/dash/live/qp38/Track_39_Seg_70.mp4
/Garage_gb2/dash/live/qp38/Track_28_Seg_70.mp4
/Garage_gb2/dash/live/qp38/Track_34_Seg_70.mp4
/Garage_gb2/dash/live/qp38/Track_32_Seg_70.mp4
/Garage_gb2/dash/live/qp38/Track_13_Seg_70.mp4
/Garage_gb2/dash/live/qp38/Track_35_Seg_70.mp4
/Garage_gb2/dash/live/qp38/Track_40_Seg_70.mp4
/Garage_gb2/dash/live/qp38/Track_14_Seg_70.mp4
/Garage_gb2/dash/live/qp38/Track_18_Seg_70.mp4
/Garage_gb2/dash/live/qp38/Track_1_Seg_70.mp4
/Garage_gb2/dash/live/qp38/Track_19_Seg_70.mp4
/Garage_gb2/dash/live/qp38/Track_17_Seg_70.mp4
/Garage_gb2/dash/live/qp38/Track_22_Seg_70.mp4
/Garage_gb2/dash/live/qp38/Track_20_Seg_70.mp4
/Garage_gb2/dash/live/Ext_9_Seg_71.mp4
/Garage_gb2/dash/live/qp38/Track_27_Seg_71.mp4
/Garage_gb2/dash/live/qp38/Track_32_Seg_71.mp4
/Garage_gb2/dash/live/qp38/Track_34_Seg_71.mp4
/Garage_gb2/dash/live/qp38/Track_33_Seg_71.mp4
/Garage_gb2/dash/live/qp38/Track_40_Seg_71.mp4
/Garage_gb2/dash/live/qp38/Track_28_Seg_71.mp4
/Garage_gb2/dash/live/qp38/Track_14_Seg_71.mp4
/Garage_gb2/dash/live/qp38/Track_39_Seg_71.mp4
/Garage_gb2/dash/live/qp38/Track_1_Seg_71.mp4
/Garage_gb2/dash/live/qp38/Track_19_Seg_71.mp4
/Garage_gb2/dash/live/qp38/Track_35_Seg_71.mp4
/Garage_gb2/dash/live/qp38/Track_17_Seg_71.mp4
/Garage_gb2/dash/live/qp38/Track_22_Seg_71.mp4
/Garage_gb2/dash/live/qp38/Track_13_Seg_71.mp4
/Garage_gb2/dash/live/qp38/Track_20_Seg_71.mp4
/Garage_gb2/dash/live/qp38/Track_18_Seg_71.mp4
/Garage_gb2/dash/live/Ext_9_Seg_72.mp4
/Garage_gb2/dash/live/qp38/Track_27_Seg_72.mp4
/Garage_gb2/dash/live/qp38/Track_32_Seg_72.mp4
/Garage_gb2/dash/live/qp38/Track_40_Seg_72.mp4
/Garage_gb2/dash/live/qp38/Track_34_Seg_72.mp4
/Garage_gb2/dash/live/qp38/Track_33_Seg_72.mp4
/Garage_gb2/dash/live/qp38/Track_14_Seg_72.mp4
/Garage_gb2/dash/live/qp38/Track_35_Seg_72.mp4
/Garage_gb2/dash/live/qp38/Track_39_Seg_72.mp4
/Garage_gb2/dash/live/qp38/Track_19_Seg_72.mp4
/Garage_gb2/dash/live/qp38/Track_13_Seg_72.mp4
/Garage_gb2/dash/live/qp38/Track_1_Seg_72.mp4
/Garage_gb2/dash/live/qp38/Track_28_Seg_72.mp4
/Garage_gb2/dash/live/qp38/Track_20_Seg_72.mp4
/Garage_gb2/dash/live/qp38/Track_17_Seg_72.mp4
/Garage_gb2/dash/live/qp38/Track_18_Seg_72.mp4
/Garage_gb2/dash/live/qp38/Track_22_Seg_72.mp4
/Garage_gb2/dash/live/Ext_9_Seg_73.mp4
/Garage_gb2/dash/live/qp38/Track_39_Seg_73.mp4
/Garage_gb2/dash/live/qp38/Track_27_Seg_73.mp4
/Garage_gb2/dash/live/qp38/Track_33_Seg_73.mp4
/Garage_gb2/dash/live/qp38/Track_40_Seg_73.mp4
/Garage_gb2/dash/live/qp38/Track_34_Seg_73.mp4
/Garage_gb2/dash/live/qp38/Track_32_Seg_73.mp4
/Garage_gb2/dash/live/qp38/Track_13_Seg_73.mp4
/Garage_gb2/dash/live/qp38/Track_35_Seg_73.mp4
/Garage_gb2/dash/live/qp38/Track_28_Seg_73.mp4
/Garage_gb2/dash/live/qp38/Track_18_Seg_73.mp4
/Garage_gb2/dash/live/qp38/Track_14_Seg_73.mp4
/Garage_gb2/dash/live/qp38/Track_1_Seg_73.mp4
/Garage_gb2/dash/live/qp38/Track_22_Seg_73.mp4
/Garage_gb2/dash/live/qp38/Track_19_Seg_73.mp4
/Garage_gb2/dash/live/qp38/Track_17_Seg_73.mp4
/Garage_gb2/dash/live/qp38/Track_20_Seg_73.mp4
/Garage_gb2/dash/live/Ext_9_Seg_74.mp4
/Garage_gb2/dash/live/qp38/Track_27_Seg_74.mp4
/Garage_gb2/dash/live/qp38/Track_35_Seg_74.mp4
/Garage_gb2/dash/live/qp38/Track_1_Seg_74.mp4
/Garage_gb2/dash/live/qp38/Track_33_Seg_74.mp4
/Garage_gb2/dash/live/qp38/Track_40_Seg_74.mp4
/Garage_gb2/dash/live/qp38/Track_18_Seg_74.mp4
/Garage_gb2/dash/live/qp38/Track_34_Seg_74.mp4
/Garage_gb2/dash/live/qp38/Track_14_Seg_74.mp4
/Garage_gb2/dash/live/qp38/Track_17_Seg_74.mp4
/Garage_gb2/dash/live/qp38/Track_13_Seg_74.mp4
/Garage_gb2/dash/live/qp38/Track_28_Seg_74.mp4
/Garage_gb2/dash/live/qp38/Track_20_Seg_74.mp4
/Garage_gb2/dash/live/Ext_3_Seg_75.mp4
/Garage_gb2/dash/live/qp38/Track_27_Seg_75.mp4
/Garage_gb2/dash/live/qp38/Track_34_Seg_75.mp4
/Garage_gb2/dash/live/qp38/Track_28_Seg_75.mp4
/Garage_gb2/dash/live/qp38/Track_29_Seg_75.mp4
/Garage_gb2/dash/live/qp38/Track_48_Seg_75.mp4
/Garage_gb2/dash/live/qp38/Track_33_Seg_75.mp4
/Garage_gb2/dash/live/qp38/Track_20_Seg_75.mp4
/Garage_gb2/dash/live/qp38/Track_13_Seg_75.mp4
/Garage_gb2/dash/live/qp38/Track_7_Seg_75.mp4
/Garage_gb2/dash/live/qp38/Track_21_Seg_75.mp4
/Garage_gb2/dash/live/qp38/Track_14_Seg_75.mp4
/Garage_gb2/dash/live/qp38/Track_18_Seg_75.mp4
/Garage_gb2/dash/live/qp38/Track_28_Seg_76.mp4
/Garage_gb2/dash/live/Ext_3_Seg_76.mp4
/Garage_gb2/dash/live/qp38/Track_34_Seg_76.mp4
/Garage_gb2/dash/live/qp38/Track_27_Seg_76.mp4
/Garage_gb2/dash/live/qp38/Track_29_Seg_76.mp4
/Garage_gb2/dash/live/qp38/Track_48_Seg_76.mp4
/Garage_gb2/dash/live/qp38/Track_33_Seg_76.mp4
/Garage_gb2/dash/live/qp38/Track_20_Seg_76.mp4
/Garage_gb2/dash/live/qp38/Track_13_Seg_76.mp4
/Garage_gb2/dash/live/qp38/Track_7_Seg_76.mp4
/Garage_gb2/dash/live/qp38/Track_21_Seg_76.mp4
/Garage_gb2/dash/live/qp38/Track_14_Seg_76.mp4
/Garage_gb2/dash/live/qp38/Track_18_Seg_76.mp4
/Garage_gb2/dash/live/qp38/Track_27_Seg_77.mp4
/Garage_gb2/dash/live/qp38/Track_34_Seg_77.mp4
/Garage_gb2/dash/live/Ext_3_Seg_77.mp4
/Garage_gb2/dash/live/qp38/Track_33_Seg_77.mp4
/Garage_gb2/dash/live/qp38/Track_48_Seg_77.mp4
/Garage_gb2/dash/live/qp38/Track_13_Seg_77.mp4
/Garage_gb2/dash/live/qp38/Track_28_Seg_77.mp4
/Garage_gb2/dash/live/qp38/Track_29_Seg_77.mp4
/Garage_gb2/dash/live/qp38/Track_18_Seg_77.mp4
/Garage_gb2/dash/live/qp38/Track_7_Seg_77.mp4
/Garage_gb2/dash/live/qp38/Track_20_Seg_77.mp4
/Garage_gb2/dash/live/qp38/Track_14_Seg_77.mp4
/Garage_gb2/dash/live/qp38/Track_21_Seg_77.mp4
/Garage_gb2/dash/live/Ext_3_Seg_78.mp4
/Garage_gb2/dash/live/qp38/Track_27_Seg_78.mp4
/Garage_gb2/dash/live/qp38/Track_48_Seg_78.mp4
/Garage_gb2/dash/live/qp38/Track_28_Seg_78.mp4
/Garage_gb2/dash/live/qp38/Track_29_Seg_78.mp4
/Garage_gb2/dash/live/qp38/Track_34_Seg_78.mp4
/Garage_gb2/dash/live/qp38/Track_33_Seg_78.mp4
/Garage_gb2/dash/live/qp38/Track_13_Seg_78.mp4
/Garage_gb2/dash/live/qp38/Track_18_Seg_78.mp4
/Garage_gb2/dash/live/qp38/Track_7_Seg_78.mp4
/Garage_gb2/dash/live/qp38/Track_20_Seg_78.mp4
/Garage_gb2/dash/live/qp38/Track_14_Seg_78.mp4
/Garage_gb2/dash/live/qp38/Track_21_Seg_78.mp4
/Garage_gb2/dash/live/Ext_3_Seg_79.mp4
/Garage_gb2/dash/live/qp38/Track_28_Seg_79.mp4
/Garage_gb2/dash/live/qp38/Track_48_Seg_79.mp4
/Garage_gb2/dash/live/qp38/Track_29_Seg_79.mp4
/Garage_gb2/dash/live/qp38/Track_33_Seg_79.mp4
/Garage_gb2/dash/live/qp38/Track_34_Seg_79.mp4
/Garage_gb2/dash/live/qp38/Track_27_Seg_79.mp4
/Garage_gb2/dash/live/qp38/Track_14_Seg_79.mp4
/Garage_gb2/dash/live/qp38/Track_13_Seg_79.mp4
/Garage_gb2/dash/live/qp38/Track_7_Seg_79.mp4
/Garage_gb2/dash/live/qp38/Track_20_Seg_79.mp4
/Garage_gb2/dash/live/qp38/Track_18_Seg_79.mp4
/Garage_gb2/dash/live/qp38/Track_21_Seg_79.mp4
/Garage_gb2/dash/live/qp38/Track_34_Seg_80.mp4
/Garage_gb2/dash/live/qp38/Track_29_Seg_80.mp4
/Garage_gb2/dash/live/Ext_4_Seg_80.mp4
/Garage_gb2/dash/live/qp38/Track_27_Seg_80.mp4
/Garage_gb2/dash/live/qp38/Track_33_Seg_80.mp4
/Garage_gb2/dash/live/qp38/Track_28_Seg_80.mp4
/Garage_gb2/dash/live/qp38/Track_35_Seg_80.mp4
/Garage_gb2/dash/live/qp38/Track_7_Seg_80.mp4
/Garage_gb2/dash/live/qp38/Track_48_Seg_80.mp4
/Garage_gb2/dash/live/qp38/Track_40_Seg_80.mp4
/Garage_gb2/dash/live/qp38/Track_13_Seg_80.mp4
/Garage_gb2/dash/live/qp38/Track_30_Seg_80.mp4
/Garage_gb2/dash/live/qp38/Track_8_Seg_80.mp4
/Garage_gb2/dash/live/qp38/Track_17_Seg_80.mp4
/Garage_gb2/dash/live/qp38/Track_1_Seg_80.mp4
/Garage_gb2/dash/live/qp38/Track_15_Seg_80.mp4
/Garage_gb2/dash/live/qp38/Track_14_Seg_80.mp4
/Garage_gb2/dash/live/qp38/Track_21_Seg_80.mp4
/Garage_gb2/dash/live/qp38/Track_20_Seg_80.mp4
/Garage_gb2/dash/live/qp38/Track_28_Seg_81.mp4
/Garage_gb2/dash/live/qp38/Track_27_Seg_81.mp4
/Garage_gb2/dash/live/Ext_4_Seg_81.mp4
/Garage_gb2/dash/live/qp38/Track_29_Seg_81.mp4
/Garage_gb2/dash/live/qp38/Track_34_Seg_81.mp4
/Garage_gb2/dash/live/qp38/Track_30_Seg_81.mp4
/Garage_gb2/dash/live/qp38/Track_48_Seg_81.mp4
/Garage_gb2/dash/live/qp38/Track_33_Seg_81.mp4
/Garage_gb2/dash/live/qp38/Track_7_Seg_81.mp4
/Garage_gb2/dash/live/qp38/Track_35_Seg_81.mp4
/Garage_gb2/dash/live/qp38/Track_40_Seg_81.mp4
/Garage_gb2/dash/live/qp38/Track_14_Seg_81.mp4
/Garage_gb2/dash/live/qp38/Track_1_Seg_81.mp4
/Garage_gb2/dash/live/qp38/Track_13_Seg_81.mp4
/Garage_gb2/dash/live/qp38/Track_20_Seg_81.mp4
/Garage_gb2/dash/live/qp38/Track_8_Seg_81.mp4
/Garage_gb2/dash/live/qp38/Track_17_Seg_81.mp4
/Garage_gb2/dash/live/qp38/Track_15_Seg_81.mp4
/Garage_gb2/dash/live/qp38/Track_21_Seg_81.mp4
/Garage_gb2/dash/live/qp38/Track_28_Seg_82.mp4
/Garage_gb2/dash/live/qp38/Track_27_Seg_82.mp4
/Garage_gb2/dash/live/Ext_4_Seg_82.mp4
/Garage_gb2/dash/live/qp38/Track_48_Seg_82.mp4
/Garage_gb2/dash/live/qp38/Track_34_Seg_82.mp4
/Garage_gb2/dash/live/qp38/Track_30_Seg_82.mp4
/Garage_gb2/dash/live/qp38/Track_29_Seg_82.mp4
/Garage_gb2/dash/live/qp38/Track_33_Seg_82.mp4
/Garage_gb2/dash/live/qp38/Track_7_Seg_82.mp4
/Garage_gb2/dash/live/qp38/Track_35_Seg_82.mp4
/Garage_gb2/dash/live/qp38/Track_1_Seg_82.mp4
/Garage_gb2/dash/live/qp38/Track_14_Seg_82.mp4
/Garage_gb2/dash/live/qp38/Track_40_Seg_82.mp4
/Garage_gb2/dash/live/qp38/Track_13_Seg_82.mp4
/Garage_gb2/dash/live/qp38/Track_20_Seg_82.mp4
/Garage_gb2/dash/live/qp38/Track_8_Seg_82.mp4
/Garage_gb2/dash/live/qp38/Track_17_Seg_82.mp4
/Garage_gb2/dash/live/qp38/Track_15_Seg_82.mp4
/Garage_gb2/dash/live/qp38/Track_21_Seg_82.mp4
/Garage_gb2/dash/live/qp38/Track_27_Seg_83.mp4
/Garage_gb2/dash/live/qp38/Track_33_Seg_83.mp4
/Garage_gb2/dash/live/Ext_4_Seg_83.mp4
/Garage_gb2/dash/live/qp38/Track_47_Seg_83.mp4
/Garage_gb2/dash/live/qp38/Track_26_Seg_83.mp4
/Garage_gb2/dash/live/qp38/Track_34_Seg_83.mp4
/Garage_gb2/dash/live/qp38/Track_28_Seg_83.mp4
/Garage_gb2/dash/live/qp38/Track_12_Seg_83.mp4
/Garage_gb2/dash/live/qp38/Track_19_Seg_83.mp4
/Garage_gb2/dash/live/qp38/Track_13_Seg_83.mp4
/Garage_gb2/dash/live/qp38/Track_17_Seg_83.mp4
/Garage_gb2/dash/live/qp38/Track_14_Seg_83.mp4
/Garage_gb2/dash/live/qp38/Track_22_Seg_83.mp4
/Garage_gb2/dash/live/qp38/Track_47_Seg_84.mp4
/Garage_gb2/dash/live/qp38/Track_28_Seg_84.mp4
/Garage_gb2/dash/live/Ext_4_Seg_84.mp4
/Garage_gb2/dash/live/qp38/Track_33_Seg_84.mp4
/Garage_gb2/dash/live/qp38/Track_27_Seg_84.mp4
/Garage_gb2/dash/live/qp38/Track_12_Seg_84.mp4
/Garage_gb2/dash/live/qp38/Track_26_Seg_84.mp4
/Garage_gb2/dash/live/qp38/Track_34_Seg_84.mp4
/Garage_gb2/dash/live/qp38/Track_19_Seg_84.mp4
/Garage_gb2/dash/live/qp38/Track_14_Seg_84.mp4
/Garage_gb2/dash/live/qp38/Track_13_Seg_84.mp4
/Garage_gb2/dash/live/qp38/Track_22_Seg_84.mp4
/Garage_gb2/dash/live/qp38/Track_17_Seg_84.mp4
/Garage_gb2/dash/live/Ext_4_Seg_85.mp4
/Garage_gb2/dash/live/qp38/Track_27_Seg_85.mp4
/Garage_gb2/dash/live/qp38/Track_47_Seg_85.mp4
/Garage_gb2/dash/live/qp38/Track_26_Seg_85.mp4
/Garage_gb2/dash/live/qp38/Track_34_Seg_85.mp4
/Garage_gb2/dash/live/qp38/Track_33_Seg_85.mp4
/Garage_gb2/dash/live/qp38/Track_14_Seg_85.mp4
/Garage_gb2/dash/live/qp38/Track_28_Seg_85.mp4
/Garage_gb2/dash/live/qp38/Track_13_Seg_85.mp4
/Garage_gb2/dash/live/qp38/Track_22_Seg_85.mp4
/Garage_gb2/dash/live/qp38/Track_12_Seg_85.mp4
/Garage_gb2/dash/live/qp38/Track_19_Seg_85.mp4
/Garage_gb2/dash/live/qp38/Track_17_Seg_85.mp4
/Garage_gb2/dash/live/qp38/Track_33_Seg_86.mp4
/Garage_gb2/dash/live/Ext_4_Seg_86.mp4
/Garage_gb2/dash/live/qp38/Track_28_Seg_86.mp4
/Garage_gb2/dash/live/qp38/Track_47_Seg_86.mp4
/Garage_gb2/dash/live/qp38/Track_13_Seg_86.mp4
/Garage_gb2/dash/live/qp38/Track_34_Seg_86.mp4
/Garage_gb2/dash/live/qp38/Track_26_Seg_86.mp4
/Garage_gb2/dash/live/qp38/Track_17_Seg_86.mp4
/Garage_gb2/dash/live/qp38/Track_27_Seg_86.mp4
/Garage_gb2/dash/live/qp38/Track_14_Seg_86.mp4
/Garage_gb2/dash/live/qp38/Track_12_Seg_86.mp4
/Garage_gb2/dash/live/qp38/Track_22_Seg_86.mp4
/Garage_gb2/dash/live/qp38/Track_19_Seg_86.mp4
/Garage_gb2/dash/live/Ext_4_Seg_87.mp4
/Garage_gb2/dash/live/qp38/Track_26_Seg_87.mp4
/Garage_gb2/dash/live/qp38/Track_28_Seg_87.mp4
/Garage_gb2/dash/live/qp38/Track_12_Seg_87.mp4
/Garage_gb2/dash/live/qp38/Track_33_Seg_87.mp4
/Garage_gb2/dash/live/qp38/Track_47_Seg_87.mp4
/Garage_gb2/dash/live/qp38/Track_17_Seg_87.mp4
/Garage_gb2/dash/live/qp38/Track_14_Seg_87.mp4
/Garage_gb2/dash/live/qp38/Track_34_Seg_87.mp4
/Garage_gb2/dash/live/qp38/Track_19_Seg_87.mp4
/Garage_gb2/dash/live/qp38/Track_13_Seg_87.mp4
/Garage_gb2/dash/live/qp38/Track_27_Seg_87.mp4
/Garage_gb2/dash/live/qp38/Track_22_Seg_87.mp4
/Garage_gb2/dash/live/qp38/Track_33_Seg_88.mp4
/Garage_gb2/dash/live/qp38/Track_27_Seg_88.mp4
/Garage_gb2/dash/live/Ext_4_Seg_88.mp4
/Garage_gb2/dash/live/qp38/Track_47_Seg_88.mp4
/Garage_gb2/dash/live/qp38/Track_28_Seg_88.mp4
/Garage_gb2/dash/live/qp38/Track_13_Seg_88.mp4
/Garage_gb2/dash/live/qp38/Track_12_Seg_88.mp4
/Garage_gb2/dash/live/qp38/Track_34_Seg_88.mp4
/Garage_gb2/dash/live/qp38/Track_19_Seg_88.mp4
/Garage_gb2/dash/live/qp38/Track_14_Seg_88.mp4
/Garage_gb2/dash/live/qp38/Track_26_Seg_88.mp4
/Garage_gb2/dash/live/qp38/Track_22_Seg_88.mp4
/Garage_gb2/dash/live/qp38/Track_17_Seg_88.mp4
/Garage_gb2/dash/live/qp38/Track_34_Seg_89.mp4
/Garage_gb2/dash/live/qp38/Track_33_Seg_89.mp4
/Garage_gb2/dash/live/Ext_4_Seg_89.mp4
/Garage_gb2/dash/live/qp38/Track_28_Seg_89.mp4
/Garage_gb2/dash/live/qp38/Track_47_Seg_89.mp4
/Garage_gb2/dash/live/qp38/Track_13_Seg_89.mp4
/Garage_gb2/dash/live/qp38/Track_27_Seg_89.mp4
/Garage_gb2/dash/live/qp38/Track_12_Seg_89.mp4
/Garage_gb2/dash/live/qp38/Track_19_Seg_89.mp4
/Garage_gb2/dash/live/qp38/Track_26_Seg_89.mp4
/Garage_gb2/dash/live/qp38/Track_17_Seg_89.mp4
/Garage_gb2/dash/live/qp38/Track_14_Seg_89.mp4
/Garage_gb2/dash/live/qp38/Track_22_Seg_89.mp4
/Garage_gb2/dash/live/Ext_4_Seg_90.mp4
/Garage_gb2/dash/live/qp38/Track_28_Seg_90.mp4
/Garage_gb2/dash/live/qp38/Track_33_Seg_90.mp4
/Garage_gb2/dash/live/qp38/Track_26_Seg_90.mp4
/Garage_gb2/dash/live/qp38/Track_34_Seg_90.mp4
/Garage_gb2/dash/live/qp38/Track_47_Seg_90.mp4
/Garage_gb2/dash/live/qp38/Track_14_Seg_90.mp4
/Garage_gb2/dash/live/qp38/Track_27_Seg_90.mp4
/Garage_gb2/dash/live/qp38/Track_12_Seg_90.mp4
/Garage_gb2/dash/live/qp38/Track_22_Seg_90.mp4
/Garage_gb2/dash/live/qp38/Track_13_Seg_90.mp4
/Garage_gb2/dash/live/qp38/Track_19_Seg_90.mp4
/Garage_gb2/dash/live/qp38/Track_17_Seg_90.mp4
/Garage_gb2/dash/live/qp38/Track_34_Seg_91.mp4
/Garage_gb2/dash/live/Ext_10_Seg_91.mp4
/Garage_gb2/dash/live/qp38/Track_39_Seg_91.mp4
/Garage_gb2/dash/live/qp38/Track_33_Seg_91.mp4
/Garage_gb2/dash/live/qp38/Track_6_Seg_91.mp4
/Garage_gb2/dash/live/qp38/Track_27_Seg_91.mp4
/Garage_gb2/dash/live/qp38/Track_17_Seg_91.mp4
/Garage_gb2/dash/live/qp38/Track_28_Seg_91.mp4
/Garage_gb2/dash/live/qp38/Track_13_Seg_91.mp4
/Garage_gb2/dash/live/qp38/Track_32_Seg_91.mp4
/Garage_gb2/dash/live/qp38/Track_19_Seg_91.mp4
/Garage_gb2/dash/live/qp38/Track_18_Seg_91.mp4
/Garage_gb2/dash/live/qp38/Track_14_Seg_91.mp4
/Garage_gb2/dash/live/qp38/Track_27_Seg_92.mp4
/Garage_gb2/dash/live/qp38/Track_34_Seg_92.mp4
/Garage_gb2/dash/live/Ext_10_Seg_92.mp4
/Garage_gb2/dash/live/qp38/Track_39_Seg_92.mp4
/Garage_gb2/dash/live/qp38/Track_33_Seg_92.mp4
/Garage_gb2/dash/live/qp38/Track_13_Seg_92.mp4
/Garage_gb2/dash/live/qp38/Track_32_Seg_92.mp4
/Garage_gb2/dash/live/qp38/Track_28_Seg_92.mp4
/Garage_gb2/dash/live/qp38/Track_14_Seg_92.mp4
/Garage_gb2/dash/live/qp38/Track_18_Seg_92.mp4
/Garage_gb2/dash/live/qp38/Track_6_Seg_92.mp4
/Garage_gb2/dash/live/qp38/Track_19_Seg_92.mp4
/Garage_gb2/dash/live/qp38/Track_17_Seg_92.mp4
/Garage_gb2/dash/live/qp38/Track_34_Seg_93.mp4
/Garage_gb2/dash/live/Ext_10_Seg_93.mp4
/Garage_gb2/dash/live/qp38/Track_27_Seg_93.mp4
/Garage_gb2/dash/live/qp38/Track_28_Seg_93.mp4
/Garage_gb2/dash/live/qp38/Track_6_Seg_93.mp4
/Garage_gb2/dash/live/qp38/Track_39_Seg_93.mp4
/Garage_gb2/dash/live/qp38/Track_33_Seg_93.mp4
/Garage_gb2/dash/live/qp38/Track_17_Seg_93.mp4
/Garage_gb2/dash/live/qp38/Track_13_Seg_93.mp4
/Garage_gb2/dash/live/qp38/Track_32_Seg_93.mp4
/Garage_gb2/dash/live/qp38/Track_18_Seg_93.mp4
/Garage_gb2/dash/live/qp38/Track_14_Seg_93.mp4
/Garage_gb2/dash/live/qp38/Track_19_Seg_93.mp4
/Garage_gb2/dash/live/Ext_9_Seg_94.mp4
/Garage_gb2/dash/live/qp38/Track_45_Seg_94.mp4
/Garage_gb2/dash/live/qp38/Track_32_Seg_94.mp4
/Garage_gb2/dash/live/qp38/Track_31_Seg_94.mp4
/Garage_gb2/dash/live/qp38/Track_47_Seg_94.mp4
/Garage_gb2/dash/live/qp38/Track_26_Seg_94.mp4
/Garage_gb2/dash/live/qp38/Track_6_Seg_94.mp4
/Garage_gb2/dash/live/qp38/Track_19_Seg_94.mp4
/Garage_gb2/dash/live/qp38/Track_27_Seg_94.mp4
/Garage_gb2/dash/live/qp38/Track_12_Seg_94.mp4
/Garage_gb2/dash/live/qp38/Track_5_Seg_94.mp4
/Garage_gb2/dash/live/qp38/Track_24_Seg_94.mp4
/Garage_gb2/dash/live/qp38/Track_22_Seg_94.mp4
/Garage_gb2/dash/live/qp38/Track_45_Seg_95.mp4
/Garage_gb2/dash/live/qp38/Track_32_Seg_95.mp4
/Garage_gb2/dash/live/Ext_9_Seg_95.mp4
/Garage_gb2/dash/live/qp38/Track_31_Seg_95.mp4
/Garage_gb2/dash/live/qp38/Track_27_Seg_95.mp4
/Garage_gb2/dash/live/qp38/Track_6_Seg_95.mp4
/Garage_gb2/dash/live/qp38/Track_47_Seg_95.mp4
/Garage_gb2/dash/live/qp38/Track_26_Seg_95.mp4
/Garage_gb2/dash/live/qp38/Track_22_Seg_95.mp4
/Garage_gb2/dash/live/qp38/Track_12_Seg_95.mp4
/Garage_gb2/dash/live/qp38/Track_5_Seg_95.mp4
/Garage_gb2/dash/live/qp38/Track_24_Seg_95.mp4
/Garage_gb2/dash/live/qp38/Track_19_Seg_95.mp4
/Garage_gb2/dash/live/Ext_9_Seg_96.mp4
/Garage_gb2/dash/live/qp38/Track_27_Seg_96.mp4
/Garage_gb2/dash/live/qp38/Track_31_Seg_96.mp4
/Garage_gb2/dash/live/qp38/Track_47_Seg_96.mp4
/Garage_gb2/dash/live/qp38/Track_26_Seg_96.mp4
/Garage_gb2/dash/live/qp38/Track_45_Seg_96.mp4
/Garage_gb2/dash/live/qp38/Track_12_Seg_96.mp4
/Garage_gb2/dash/live/qp38/Track_32_Seg_96.mp4
/Garage_gb2/dash/live/qp38/Track_6_Seg_96.mp4
/Garage_gb2/dash/live/qp38/Track_24_Seg_96.mp4
/Garage_gb2/dash/live/qp38/Track_22_Seg_96.mp4
/Garage_gb2/dash/live/qp38/Track_5_Seg_96.mp4
/Garage_gb2/dash/live/qp38/Track_19_Seg_96.mp4
/Garage_gb2/dash/live/qp38/Track_32_Seg_97.mp4
/Garage_gb2/dash/live/Ext_9_Seg_97.mp4
/Garage_gb2/dash/live/qp38/Track_45_Seg_97.mp4
/Garage_gb2/dash/live/qp38/Track_26_Seg_97.mp4
/Garage_gb2/dash/live/qp38/Track_5_Seg_97.mp4
/Garage_gb2/dash/live/qp38/Track_31_Seg_97.mp4
/Garage_gb2/dash/live/qp38/Track_27_Seg_97.mp4
/Garage_gb2/dash/live/qp38/Track_19_Seg_97.mp4
/Garage_gb2/dash/live/qp38/Track_6_Seg_97.mp4
/Garage_gb2/dash/live/qp38/Track_47_Seg_97.mp4
/Garage_gb2/dash/live/qp38/Track_22_Seg_97.mp4
/Garage_gb2/dash/live/qp38/Track_12_Seg_97.mp4
/Garage_gb2/dash/live/qp38/Track_24_Seg_97.mp4
/Garage_gb2/dash/live/qp38/Track_32_Seg_98.mp4
/Garage_gb2/dash/live/Ext_9_Seg_98.mp4
/Garage_gb2/dash/live/qp38/Track_31_Seg_98.mp4
/Garage_gb2/dash/live/qp38/Track_26_Seg_98.mp4
/Garage_gb2/dash/live/qp38/Track_5_Seg_98.mp4
/Garage_gb2/dash/live/qp38/Track_45_Seg_98.mp4
/Garage_gb2/dash/live/qp38/Track_19_Seg_98.mp4
/Garage_gb2/dash/live/qp38/Track_27_Seg_98.mp4
/Garage_gb2/dash/live/qp38/Track_6_Seg_98.mp4
/Garage_gb2/dash/live/qp38/Track_47_Seg_98.mp4
/Garage_gb2/dash/live/qp38/Track_24_Seg_98.mp4
/Garage_gb2/dash/live/qp38/Track_22_Seg_98.mp4
/Garage_gb2/dash/live/qp38/Track_12_Seg_98.mp4
/Garage_gb2/dash/live/qp38/Track_32_Seg_99.mp4
/Garage_gb2/dash/live/Ext_9_Seg_99.mp4
/Garage_gb2/dash/live/qp38/Track_31_Seg_99.mp4
/Garage_gb2/dash/live/qp38/Track_5_Seg_99.mp4
/Garage_gb2/dash/live/qp38/Track_26_Seg_99.mp4
/Garage_gb2/dash/live/qp38/Track_47_Seg_99.mp4
/Garage_gb2/dash/live/qp38/Track_19_Seg_99.mp4
/Garage_gb2/dash/live/qp38/Track_45_Seg_99.mp4
/Garage_gb2/dash/live/qp38/Track_6_Seg_99.mp4
/Garage_gb2/dash/live/qp38/Track_24_Seg_99.mp4
/Garage_gb2/dash/live/qp38/Track_27_Seg_99.mp4
/Garage_gb2/dash/live/qp38/Track_22_Seg_99.mp4
/Garage_gb2/dash/live/qp38/Track_12_Seg_99.mp4
/Garage_gb2/dash/live/Ext_9_Seg_100.mp4
/Garage_gb2/dash/live/qp38/Track_26_Seg_100.mp4
/Garage_gb2/dash/live/qp38/Track_45_Seg_100.mp4
/Garage_gb2/dash/live/qp38/Track_47_Seg_100.mp4
/Garage_gb2/dash/live/qp38/Track_27_Seg_100.mp4
/Garage_gb2/dash/live/qp38/Track_31_Seg_100.mp4
/Garage_gb2/dash/live/qp38/Track_12_Seg_100.mp4
/Garage_gb2/dash/live/qp38/Track_32_Seg_100.mp4
/Garage_gb2/dash/live/qp38/Track_6_Seg_100.mp4
/Garage_gb2/dash/live/qp38/Track_24_Seg_100.mp4
/Garage_gb2/dash/live/qp38/Track_5_Seg_100.mp4
/Garage_gb2/dash/live/qp38/Track_22_Seg_100.mp4
/Garage_gb2/dash/live/qp38/Track_19_Seg_100.mp4
/Garage_gb2/dash/live/Ext_9_Seg_101.mp4
/Garage_gb2/dash/live/qp38/Track_31_Seg_101.mp4
/Garage_gb2/dash/live/qp38/Track_32_Seg_101.mp4
/Garage_gb2/dash/live/qp38/Track_47_Seg_101.mp4
/Garage_gb2/dash/live/qp38/Track_45_Seg_101.mp4
/Garage_gb2/dash/live/qp38/Track_26_Seg_101.mp4
/Garage_gb2/dash/live/qp38/Track_12_Seg_101.mp4
/Garage_gb2/dash/live/qp38/Track_6_Seg_101.mp4
/Garage_gb2/dash/live/qp38/Track_27_Seg_101.mp4
/Garage_gb2/dash/live/qp38/Track_24_Seg_101.mp4
/Garage_gb2/dash/live/qp38/Track_19_Seg_101.mp4
/Garage_gb2/dash/live/qp38/Track_5_Seg_101.mp4
/Garage_gb2/dash/live/qp38/Track_22_Seg_101.mp4
/Garage_gb2/dash/live/Ext_9_Seg_102.mp4
/Garage_gb2/dash/live/qp38/Track_31_Seg_102.mp4
/Garage_gb2/dash/live/qp38/Track_47_Seg_102.mp4
/Garage_gb2/dash/live/qp38/Track_12_Seg_102.mp4
/Garage_gb2/dash/live/qp38/Track_45_Seg_102.mp4
/Garage_gb2/dash/live/qp38/Track_5_Seg_102.mp4
/Garage_gb2/dash/live/qp38/Track_26_Seg_102.mp4
/Garage_gb2/dash/live/qp38/Track_24_Seg_102.mp4
/Garage_gb2/dash/live/qp38/Track_22_Seg_102.mp4
/Garage_gb2/dash/live/qp38/Track_26_Seg_103.mp4
/Garage_gb2/dash/live/qp38/Track_5_Seg_103.mp4
/Garage_gb2/dash/live/Ext_9_Seg_103.mp4
/Garage_gb2/dash/live/qp38/Track_45_Seg_103.mp4
/Garage_gb2/dash/live/qp38/Track_47_Seg_103.mp4
/Garage_gb2/dash/live/qp38/Track_22_Seg_103.mp4
/Garage_gb2/dash/live/qp38/Track_31_Seg_103.mp4
/Garage_gb2/dash/live/qp38/Track_24_Seg_103.mp4
/Garage_gb2/dash/live/qp38/Track_12_Seg_103.mp4
/Garage_gb2/dash/live/qp38/Track_20_Seg_106.mp4
/Garage_gb2/dash/live/Ext_9_Seg_106.mp4
/Garage_gb2/dash/live/qp38/Track_28_Seg_106.mp4
/Garage_gb2/dash/live/qp38/Track_35_Seg_106.mp4
/Garage_gb2/dash/live/qp38/Track_1_Seg_106.mp4
/Garage_gb2/dash/live/qp38/Track_35_Seg_107.mp4
/Garage_gb2/dash/live/Ext_9_Seg_107.mp4
/Garage_gb2/dash/live/qp38/Track_20_Seg_107.mp4
/Garage_gb2/dash/live/qp38/Track_28_Seg_107.mp4
/Garage_gb2/dash/live/qp38/Track_1_Seg_107.mp4
/Garage_gb2/dash/live/qp38/Track_28_Seg_108.mp4
/Garage_gb2/dash/live/Ext_9_Seg_108.mp4
/Garage_gb2/dash/live/qp38/Track_20_Seg_108.mp4
/Garage_gb2/dash/live/qp38/Track_1_Seg_108.mp4
/Garage_gb2/dash/live/qp38/Track_35_Seg_108.mp4
/Garage_gb2/dash/live/qp38/Track_28_Seg_109.mp4
/Garage_gb2/dash/live/Ext_9_Seg_109.mp4
/Garage_gb2/dash/live/qp38/Track_1_Seg_109.mp4
/Garage_gb2/dash/live/qp38/Track_20_Seg_109.mp4
/Garage_gb2/dash/live/qp38/Track_35_Seg_109.mp4
/Garage_gb2/dash/live/qp38/Track_20_Seg_110.mp4
/Garage_gb2/dash/live/Ext_9_Seg_110.mp4
/Garage_gb2/dash/live/qp38/Track_1_Seg_110.mp4
/Garage_gb2/dash/live/qp38/Track_28_Seg_110.mp4
/Garage_gb2/dash/live/qp38/Track_35_Seg_110.mp4
/Garage_gb2/dash/live/qp38/Track_41_Seg_111.mp4
/Garage_gb2/dash/live/Ext_2_Seg_111.mp4
/Garage_gb2/dash/live/qp38/Track_38_Seg_111.mp4
/Garage_gb2/dash/live/qp38/Track_28_Seg_111.mp4
/Garage_gb2/dash/live/qp38/Track_20_Seg_111.mp4
/Garage_gb2/dash/live/qp38/Track_10_Seg_111.mp4
/Garage_gb2/dash/live/qp38/Track_48_Seg_111.mp4
/Garage_gb2/dash/live/qp38/Track_21_Seg_111.mp4
/Garage_gb2/dash/live/qp38/Track_16_Seg_111.mp4
/Garage_gb2/dash/live/qp38/Track_41_Seg_112.mp4
/Garage_gb2/dash/live/Ext_2_Seg_112.mp4
/Garage_gb2/dash/live/qp38/Track_10_Seg_112.mp4
/Garage_gb2/dash/live/qp38/Track_28_Seg_112.mp4
/Garage_gb2/dash/live/qp38/Track_20_Seg_112.mp4
/Garage_gb2/dash/live/qp38/Track_38_Seg_112.mp4
/Garage_gb2/dash/live/qp38/Track_48_Seg_112.mp4
/Garage_gb2/dash/live/qp38/Track_21_Seg_112.mp4
/Garage_gb2/dash/live/qp38/Track_16_Seg_112.mp4
/Garage_gb2/dash/live/qp38/Track_38_Seg_113.mp4
/Garage_gb2/dash/live/qp38/Track_43_Seg_113.mp4
/Garage_gb2/dash/live/Ext_7_Seg_113.mp4
/Garage_gb2/dash/live/qp38/Track_41_Seg_113.mp4
/Garage_gb2/dash/live/qp38/Track_3_Seg_113.mp4
/Garage_gb2/dash/live/qp38/Track_9_Seg_113.mp4
/Garage_gb2/dash/live/qp38/Track_46_Seg_113.mp4
/Garage_gb2/dash/live/qp38/Track_16_Seg_113.mp4
/Garage_gb2/dash/live/qp38/Track_10_Seg_113.mp4
/Garage_gb2/dash/live/qp38/Track_38_Seg_1.mp4
/Garage_gb2/dash/live/Ext_7_Seg_1.mp4
/Garage_gb2/dash/live/qp38/Track_9_Seg_1.mp4
/Garage_gb2/dash/live/qp38/Track_46_Seg_1.mp4
/Garage_gb2/dash/live/qp38/Track_10_Seg_1.mp4
/Garage_gb2/dash/live/qp38/Track_3_Seg_1.mp4
/Garage_gb2/dash/live/qp38/Track_43_Seg_1.mp4
/Garage_gb2/dash/live/qp38/Track_37_Seg_2.mp4
/Garage_gb2/dash/live/Ext_6_Seg_2.mp4
/Garage_gb2/dash/live/qp38/Track_35_Seg_2.mp4
/Garage_gb2/dash/live/qp38/Track_30_Seg_2.mp4
/Garage_gb2/dash/live/qp38/Track_46_Seg_2.mp4
/Garage_gb2/dash/live/qp38/Track_43_Seg_2.mp4
/Garage_gb2/dash/live/qp38/Track_36_Seg_2.mp4
/Garage_gb2/dash/live/qp38/Track_2_Seg_2.mp4
/Garage_gb2/dash/live/qp38/Track_38_Seg_2.mp4
/Garage_gb2/dash/live/qp38/Track_42_Seg_2.mp4
/Garage_gb2/dash/live/qp38/Track_9_Seg_2.mp4
/Garage_gb2/dash/live/qp38/Track_3_Seg_2.mp4
/Garage_gb2/dash/live/qp38/Track_1_Seg_2.mp4
/Garage_gb2/dash/live/qp38/Track_23_Seg_2.mp4
/Garage_gb2/dash/live/qp38/Track_10_Seg_2.mp4
/Garage_gb2/dash/live/qp38/Track_8_Seg_2.mp4
/Garage_gb2/dash/live/qp38/Track_15_Seg_2.mp4
/Garage_gb2/dash/live/Ext_6_Seg_3.mp4
/Garage_gb2/dash/live/qp38/Track_35_Seg_3.mp4
/Garage_gb2/dash/live/qp38/Track_37_Seg_3.mp4
/Garage_gb2/dash/live/qp38/Track_46_Seg_3.mp4
/Garage_gb2/dash/live/qp38/Track_43_Seg_3.mp4
/Garage_gb2/dash/live/qp38/Track_30_Seg_3.mp4
/Garage_gb2/dash/live/qp38/Track_1_Seg_3.mp4
/Garage_gb2/dash/live/qp38/Track_42_Seg_3.mp4
/Garage_gb2/dash/live/qp38/Track_36_Seg_3.mp4
/Garage_gb2/dash/live/qp38/Track_8_Seg_3.mp4
/Garage_gb2/dash/live/qp38/Track_38_Seg_3.mp4
/Garage_gb2/dash/live/qp38/Track_2_Seg_3.mp4
/Garage_gb2/dash/live/qp38/Track_15_Seg_3.mp4
/Garage_gb2/dash/live/qp38/Track_3_Seg_3.mp4
/Garage_gb2/dash/live/qp38/Track_9_Seg_3.mp4
/Garage_gb2/dash/live/qp38/Track_10_Seg_3.mp4
/Garage_gb2/dash/live/qp38/Track_23_Seg_3.mp4
/Garage_gb2/dash/live/qp38/Track_30_Seg_4.mp4
/Garage_gb2/dash/live/qp38/Track_43_Seg_4.mp4
/Garage_gb2/dash/live/Ext_6_Seg_4.mp4
/Garage_gb2/dash/live/qp38/Track_37_Seg_4.mp4
/Garage_gb2/dash/live/qp38/Track_46_Seg_4.mp4
/Garage_gb2/dash/live/qp38/Track_2_Seg_4.mp4
/Garage_gb2/dash/live/qp38/Track_36_Seg_4.mp4
/Garage_gb2/dash/live/qp38/Track_38_Seg_4.mp4
/Garage_gb2/dash/live/qp38/Track_8_Seg_4.mp4
/Garage_gb2/dash/live/qp38/Track_42_Seg_4.mp4
/Garage_gb2/dash/live/qp38/Track_4_Seg_4.mp4
/Garage_gb2/dash/live/qp38/Track_3_Seg_4.mp4
/Garage_gb2/dash/live/qp38/Track_10_Seg_4.mp4
/Garage_gb2/dash/live/qp38/Track_15_Seg_4.mp4
/Garage_gb2/dash/live/qp38/Track_9_Seg_4.mp4
/Garage_gb2/dash/live/qp38/Track_23_Seg_4.mp4
/Garage_gb2/dash/live/Ext_6_Seg_5.mp4
/Garage_gb2/dash/live/qp38/Track_30_Seg_5.mp4
/Garage_gb2/dash/live/qp38/Track_46_Seg_5.mp4
/Garage_gb2/dash/live/qp38/Track_42_Seg_5.mp4
/Garage_gb2/dash/live/qp38/Track_37_Seg_5.mp4
/Garage_gb2/dash/live/qp38/Track_43_Seg_5.mp4
/Garage_gb2/dash/live/qp38/Track_3_Seg_5.mp4
/Garage_gb2/dash/live/qp38/Track_36_Seg_5.mp4
/Garage_gb2/dash/live/qp38/Track_38_Seg_5.mp4
/Garage_gb2/dash/live/qp38/Track_9_Seg_5.mp4
/Garage_gb2/dash/live/qp38/Track_2_Seg_5.mp4
/Garage_gb2/dash/live/qp38/Track_8_Seg_5.mp4
/Garage_gb2/dash/live/qp38/Track_23_Seg_5.mp4
/Garage_gb2/dash/live/qp38/Track_4_Seg_5.mp4
/Garage_gb2/dash/live/qp38/Track_15_Seg_5.mp4
/Garage_gb2/dash/live/qp38/Track_10_Seg_5.mp4
/Garage_gb2/dash/live/qp38/Track_37_Seg_6.mp4
/Garage_gb2/dash/live/Ext_6_Seg_6.mp4
/Garage_gb2/dash/live/qp38/Track_42_Seg_6.mp4
/Garage_gb2/dash/live/qp38/Track_43_Seg_6.mp4
/Garage_gb2/dash/live/qp38/Track_4_Seg_6.mp4
/Garage_gb2/dash/live/qp38/Track_38_Seg_6.mp4
/Garage_gb2/dash/live/qp38/Track_30_Seg_6.mp4
/Garage_gb2/dash/live/qp38/Track_15_Seg_6.mp4
/Garage_gb2/dash/live/qp38/Track_8_Seg_6.mp4
/Garage_gb2/dash/live/qp38/Track_3_Seg_6.mp4
/Garage_gb2/dash/live/qp38/Track_10_Seg_6.mp4
/Garage_gb2/dash/live/qp38/Track_9_Seg_6.mp4
/Garage_gb2/dash/live/Ext_6_Seg_7.mp4
/Garage_gb2/dash/live/qp38/Track_37_Seg_7.mp4
/Garage_gb2/dash/live/qp38/Track_42_Seg_7.mp4
/Garage_gb2/dash/live/qp38/Track_3_Seg_7.mp4
/Garage_gb2/dash/live/qp38/Track_43_Seg_7.mp4
/Garage_gb2/dash/live/qp38/Track_38_Seg_7.mp4
/Garage_gb2/dash/live/qp38/Track_9_Seg_7.mp4
/Garage_gb2/dash/live/qp38/Track_30_Seg_7.mp4
/Garage_gb2/dash/live/qp38/Track_8_Seg_7.mp4
/Garage_gb2/dash/live/qp38/Track_4_Seg_7.mp4
/Garage_gb2/dash/live/qp38/Track_10_Seg_7.mp4
/Garage_gb2/dash/live/qp38/Track_15_Seg_7.mp4
/Garage_gb2/dash/live/Ext_6_Seg_8.mp4
/Garage_gb2/dash/live/qp38/Track_43_Seg_8.mp4
/Garage_gb2/dash/live/qp38/Track_42_Seg_8.mp4
/Garage_gb2/dash/live/qp38/Track_3_Seg_8.mp4
/Garage_gb2/dash/live/qp38/Track_30_Seg_8.mp4
/Garage_gb2/dash/live/qp38/Track_38_Seg_8.mp4
/Garage_gb2/dash/live/qp38/Track_10_Seg_8.mp4
/Garage_gb2/dash/live/qp38/Track_37_Seg_8.mp4
/Garage_gb2/dash/live/qp38/Track_8_Seg_8.mp4
/Garage_gb2/dash/live/qp38/Track_4_Seg_8.mp4
/Garage_gb2/dash/live/qp38/Track_9_Seg_8.mp4
/Garage_gb2/dash/live/qp38/Track_15_Seg_8.mp4
/Garage_gb2/dash/live/Ext_9_Seg_9.mp4
/Garage_gb2/dash/live/qp38/Track_31_Seg_9.mp4
/Garage_gb2/dash/live/qp38/Track_24_Seg_9.mp4
/Garage_gb2/dash/live/qp38/Track_5_Seg_9.mp4
/Garage_gb2/dash/live/qp38/Track_45_Seg_9.mp4
/Garage_gb2/dash/live/qp38/Track_45_Seg_10.mp4
/Garage_gb2/dash/live/Ext_9_Seg_10.mp4
/Garage_gb2/dash/live/qp38/Track_24_Seg_10.mp4
/Garage_gb2/dash/live/qp38/Track_31_Seg_10.mp4
/Garage_gb2/dash/live/qp38/Track_5_Seg_10.mp4
/Garage_gb2/dash/live/Ext_9_Seg_11.mp4
/Garage_gb2/dash/live/qp38/Track_24_Seg_11.mp4
/Garage_gb2/dash/live/qp38/Track_45_Seg_11.mp4
/Garage_gb2/dash/live/qp38/Track_31_Seg_11.mp4
/Garage_gb2/dash/live/qp38/Track_5_Seg_11.mp4
/Garage_gb2/dash/live/qp38/Track_45_Seg_12.mp4
/Garage_gb2/dash/live/Ext_7_Seg_12.mp4
/Garage_gb2/dash/live/qp38/Track_5_Seg_12.mp4
/Garage_gb2/dash/live/qp38/Track_44_Seg_12.mp4
/Garage_gb2/dash/live/qp38/Track_24_Seg_12.mp4
/Garage_gb2/dash/live/qp38/Track_31_Seg_12.mp4
/Garage_gb2/dash/live/Ext_7_Seg_13.mp4
/Garage_gb2/dash/live/qp38/Track_5_Seg_13.mp4
/Garage_gb2/dash/live/qp38/Track_31_Seg_13.mp4
/Garage_gb2/dash/live/qp38/Track_24_Seg_13.mp4
/Garage_gb2/dash/live/qp38/Track_45_Seg_13.mp4
/Garage_gb2/dash/live/qp38/Track_44_Seg_13.mp4
/Garage_gb2/dash/live/Ext_7_Seg_14.mp4
/Garage_gb2/dash/live/qp38/Track_44_Seg_14.mp4
/Garage_gb2/dash/live/qp38/Track_24_Seg_14.mp4
/Garage_gb2/dash/live/qp38/Track_31_Seg_14.mp4
/Garage_gb2/dash/live/qp38/Track_5_Seg_14.mp4
/Garage_gb2/dash/live/qp38/Track_45_Seg_14.mp4
/Garage_gb2/dash/live/qp38/Track_31_Seg_15.mp4
/Garage_gb2/dash/live/Ext_7_Seg_15.mp4
/Garage_gb2/dash/live/qp38/Track_24_Seg_15.mp4
/Garage_gb2/dash/live/qp38/Track_5_Seg_15.mp4
/Garage_gb2/dash/live/Ext_7_Seg_16.mp4
/Garage_gb2/dash/live/qp38/Track_24_Seg_16.mp4
/Garage_gb2/dash/live/qp38/Track_46_Seg_17.mp4
/Garage_gb2/dash/live/qp38/Track_23_Seg_17.mp4
/Garage_gb2/dash/live/Ext_6_Seg_17.mp4
/Garage_gb2/dash/live/qp38/Track_43_Seg_17.mp4
/Garage_gb2/dash/live/qp38/Track_3_Seg_17.mp4
/Garage_gb2/dash/live/qp38/Track_4_Seg_17.mp4
/Garage_gb2/dash/live/Ext_6_Seg_18.mp4
/Garage_gb2/dash/live/qp38/Track_4_Seg_18.mp4
/Garage_gb2/dash/live/qp38/Track_4_Seg_19.mp4
/Garage_gb2/dash/live/Ext_6_Seg_19.mp4
/Garage_gb2/dash/live/Ext_6_Seg_20.mp4
/Garage_gb2/dash/live/Ext_6_Seg_21.mp4
/Garage_gb2/dash/live/Ext_6_Seg_22.mp4
/Garage_gb2/dash/live/Ext_4_Seg_25.mp4
/Garage_gb2/dash/live/qp38/Track_33_Seg_25.mp4
/Garage_gb2/dash/live/qp38/Track_28_Seg_25.mp4
/Garage_gb2/dash/live/qp38/Track_13_Seg_25.mp4
/Garage_gb2/dash/live/qp38/Track_14_Seg_25.mp4
/Garage_gb2/dash/live/qp38/Track_34_Seg_25.mp4
/Garage_gb2/dash/live/qp38/Track_17_Seg_25.mp4
/Garage_gb2/dash/live/qp38/Track_22_Seg_25.mp4
/Garage_gb2/dash/live/qp38/Track_27_Seg_25.mp4
/Garage_gb2/dash/live/qp38/Track_19_Seg_25.mp4
/Garage_gb2/dash/live/Ext_4_Seg_26.mp4
/Garage_gb2/dash/live/qp38/Track_28_Seg_26.mp4
/Garage_gb2/dash/live/qp38/Track_33_Seg_26.mp4
/Garage_gb2/dash/live/qp38/Track_26_Seg_26.mp4
/Garage_gb2/dash/live/qp38/Track_47_Seg_26.mp4
/Garage_gb2/dash/live/qp38/Track_27_Seg_26.mp4
/Garage_gb2/dash/live/qp38/Track_19_Seg_26.mp4
/Garage_gb2/dash/live/qp38/Track_13_Seg_26.mp4
/Garage_gb2/dash/live/qp38/Track_34_Seg_26.mp4
/Garage_gb2/dash/live/qp38/Track_12_Seg_26.mp4
/Garage_gb2/dash/live/qp38/Track_22_Seg_26.mp4
/Garage_gb2/dash/live/qp38/Track_47_Seg_27.mp4
/Garage_gb2/dash/live/qp38/Track_34_Seg_27.mp4
/Garage_gb2/dash/live/Ext_4_Seg_27.mp4
/Garage_gb2/dash/live/qp38/Track_33_Seg_27.mp4
/Garage_gb2/dash/live/qp38/Track_27_Seg_27.mp4
/Garage_gb2/dash/live/qp38/Track_13_Seg_27.mp4
/Garage_gb2/dash/live/qp38/Track_26_Seg_27.mp4
/Garage_gb2/dash/live/qp38/Track_28_Seg_27.mp4
/Garage_gb2/dash/live/qp38/Track_19_Seg_27.mp4
/Garage_gb2/dash/live/qp38/Track_12_Seg_27.mp4
/Garage_gb2/dash/live/qp38/Track_22_Seg_27.mp4
/Garage_gb2/dash/live/qp38/Track_39_Seg_28.mp4
/Garage_gb2/dash/live/qp38/Track_31_Seg_28.mp4
/Garage_gb2/dash/live/Ext_8_Seg_28.mp4
/Garage_gb2/dash/live/qp38/Track_32_Seg_28.mp4
/Garage_gb2/dash/live/qp38/Track_26_Seg_28.mp4
/Garage_gb2/dash/live/qp38/Track_34_Seg_28.mp4
/Garage_gb2/dash/live/qp38/Track_33_Seg_28.mp4
/Garage_gb2/dash/live/qp38/Track_25_Seg_28.mp4
/Garage_gb2/dash/live/qp38/Track_6_Seg_28.mp4
/Garage_gb2/dash/live/qp38/Track_27_Seg_28.mp4
/Garage_gb2/dash/live/qp38/Track_5_Seg_28.mp4
/Garage_gb2/dash/live/qp38/Track_47_Seg_28.mp4
/Garage_gb2/dash/live/qp38/Track_18_Seg_28.mp4
/Garage_gb2/dash/live/qp38/Track_13_Seg_28.mp4
/Garage_gb2/dash/live/qp38/Track_12_Seg_28.mp4
/Garage_gb2/dash/live/qp38/Track_24_Seg_28.mp4
/Garage_gb2/dash/live/qp38/Track_22_Seg_28.mp4
/Garage_gb2/dash/live/qp38/Track_19_Seg_28.mp4
/Garage_gb2/dash/live/Ext_8_Seg_29.mp4
/Garage_gb2/dash/live/qp38/Track_32_Seg_29.mp4
/Garage_gb2/dash/live/qp38/Track_26_Seg_29.mp4
/Garage_gb2/dash/live/qp38/Track_27_Seg_29.mp4
/Garage_gb2/dash/live/qp38/Track_39_Seg_29.mp4
/Garage_gb2/dash/live/qp38/Track_31_Seg_29.mp4
/Garage_gb2/dash/live/qp38/Track_47_Seg_29.mp4
/Garage_gb2/dash/live/qp38/Track_33_Seg_29.mp4
/Garage_gb2/dash/live/qp38/Track_34_Seg_29.mp4
/Garage_gb2/dash/live/qp38/Track_13_Seg_29.mp4
/Garage_gb2/dash/live/qp38/Track_25_Seg_29.mp4
/Garage_gb2/dash/live/qp38/Track_12_Seg_29.mp4
/Garage_gb2/dash/live/qp38/Track_22_Seg_29.mp4
/Garage_gb2/dash/live/qp38/Track_5_Seg_29.mp4
/Garage_gb2/dash/live/qp38/Track_19_Seg_29.mp4
/Garage_gb2/dash/live/qp38/Track_18_Seg_29.mp4
/Garage_gb2/dash/live/qp38/Track_6_Seg_29.mp4
/Garage_gb2/dash/live/qp38/Track_24_Seg_29.mp4
/Garage_gb2/dash/live/qp38/Track_31_Seg_30.mp4
/Garage_gb2/dash/live/qp38/Track_33_Seg_30.mp4
/Garage_gb2/dash/live/Ext_8_Seg_30.mp4
/Garage_gb2/dash/live/qp38/Track_32_Seg_30.mp4
/Garage_gb2/dash/live/qp38/Track_26_Seg_30.mp4
/Garage_gb2/dash/live/qp38/Track_34_Seg_30.mp4
/Garage_gb2/dash/live/qp38/Track_39_Seg_30.mp4
/Garage_gb2/dash/live/qp38/Track_27_Seg_30.mp4
/Garage_gb2/dash/live/qp38/Track_6_Seg_30.mp4
/Garage_gb2/dash/live/qp38/Track_25_Seg_30.mp4
/Garage_gb2/dash/live/qp38/Track_5_Seg_30.mp4
/Garage_gb2/dash/live/qp38/Track_18_Seg_30.mp4
/Garage_gb2/dash/live/qp38/Track_47_Seg_30.mp4
/Garage_gb2/dash/live/qp38/Track_13_Seg_30.mp4
/Garage_gb2/dash/live/qp38/Track_24_Seg_30.mp4
/Garage_gb2/dash/live/qp38/Track_12_Seg_30.mp4
/Garage_gb2/dash/live/qp38/Track_22_Seg_30.mp4
/Garage_gb2/dash/live/qp38/Track_19_Seg_30.mp4
/Garage_gb2/dash/live/qp38/Track_25_Seg_31.mp4
/Garage_gb2/dash/live/Ext_2_Seg_31.mp4
/Garage_gb2/dash/live/qp38/Track_26_Seg_31.mp4
/Garage_gb2/dash/live/qp38/Track_32_Seg_31.mp4
/Garage_gb2/dash/live/qp38/Track_28_Seg_31.mp4
/Garage_gb2/dash/live/qp38/Track_47_Seg_31.mp4
/Garage_gb2/dash/live/qp38/Track_31_Seg_31.mp4
/Garage_gb2/dash/live/qp38/Track_5_Seg_31.mp4
/Garage_gb2/dash/live/qp38/Track_27_Seg_31.mp4
/Garage_gb2/dash/live/qp38/Track_39_Seg_31.mp4
/Garage_gb2/dash/live/qp38/Track_13_Seg_31.mp4
/Garage_gb2/dash/live/qp38/Track_33_Seg_31.mp4
/Garage_gb2/dash/live/qp38/Track_12_Seg_31.mp4
/Garage_gb2/dash/live/qp38/Track_22_Seg_31.mp4
/Garage_gb2/dash/live/qp38/Track_6_Seg_31.mp4
/Garage_gb2/dash/live/qp38/Track_19_Seg_31.mp4
/Garage_gb2/dash/live/qp38/Track_18_Seg_31.mp4
/Garage_gb2/dash/live/Ext_2_Seg_32.mp4
/Garage_gb2/dash/live/qp38/Track_25_Seg_32.mp4
/Garage_gb2/dash/live/qp38/Track_26_Seg_32.mp4
/Garage_gb2/dash/live/qp38/Track_33_Seg_32.mp4
/Garage_gb2/dash/live/qp38/Track_31_Seg_32.mp4
/Garage_gb2/dash/live/qp38/Track_47_Seg_32.mp4
/Garage_gb2/dash/live/qp38/Track_28_Seg_32.mp4
/Garage_gb2/dash/live/qp38/Track_6_Seg_32.mp4
/Garage_gb2/dash/live/qp38/Track_27_Seg_32.mp4
/Garage_gb2/dash/live/qp38/Track_5_Seg_32.mp4
/Garage_gb2/dash/live/qp38/Track_13_Seg_32.mp4
/Garage_gb2/dash/live/qp38/Track_39_Seg_32.mp4
/Garage_gb2/dash/live/qp38/Track_12_Seg_32.mp4
/Garage_gb2/dash/live/qp38/Track_22_Seg_32.mp4
/Garage_gb2/dash/live/qp38/Track_32_Seg_32.mp4
/Garage_gb2/dash/live/qp38/Track_19_Seg_32.mp4
/Garage_gb2/dash/live/qp38/Track_18_Seg_32.mp4
/Garage_gb2/dash/live/qp38/Track_26_Seg_33.mp4
/Garage_gb2/dash/live/Ext_2_Seg_33.mp4
/Garage_gb2/dash/live/qp38/Track_32_Seg_33.mp4
/Garage_gb2/dash/live/qp38/Track_27_Seg_33.mp4
/Garage_gb2/dash/live/qp38/Track_31_Seg_33.mp4
/Garage_gb2/dash/live/qp38/Track_25_Seg_33.mp4
/Garage_gb2/dash/live/qp38/Track_47_Seg_33.mp4
/Garage_gb2/dash/live/qp38/Track_5_Seg_33.mp4
/Garage_gb2/dash/live/qp38/Track_28_Seg_33.mp4
/Garage_gb2/dash/live/qp38/Track_33_Seg_33.mp4
/Garage_gb2/dash/live/qp38/Track_13_Seg_33.mp4
/Garage_gb2/dash/live/qp38/Track_6_Seg_33.mp4
/Garage_gb2/dash/live/qp38/Track_39_Seg_33.mp4
/Garage_gb2/dash/live/qp38/Track_22_Seg_33.mp4
/Garage_gb2/dash/live/qp38/Track_18_Seg_33.mp4
/Garage_gb2/dash/live/qp38/Track_12_Seg_33.mp4
/Garage_gb2/dash/live/qp38/Track_19_Seg_33.mp4
/Garage_gb2/dash/live/qp38/Track_26_Seg_34.mp4
/Garage_gb2/dash/live/qp38/Track_31_Seg_34.mp4
/Garage_gb2/dash/live/Ext_2_Seg_34.mp4
/Garage_gb2/dash/live/qp38/Track_47_Seg_34.mp4
/Garage_gb2/dash/live/qp38/Track_33_Seg_34.mp4
/Garage_gb2/dash/live/qp38/Track_5_Seg_34.mp4
/Garage_gb2/dash/live/qp38/Track_32_Seg_34.mp4
/Garage_gb2/dash/live/qp38/Track_28_Seg_34.mp4
/Garage_gb2/dash/live/qp38/Track_13_Seg_34.mp4
/Garage_gb2/dash/live/qp38/Track_39_Seg_34.mp4
/Garage_gb2/dash/live/qp38/Track_12_Seg_34.mp4
/Garage_gb2/dash/live/qp38/Track_27_Seg_34.mp4
/Garage_gb2/dash/live/qp38/Track_6_Seg_34.mp4
/Garage_gb2/dash/live/qp38/Track_19_Seg_34.mp4
/Garage_gb2/dash/live/qp38/Track_18_Seg_34.mp4
/Garage_gb2/dash/live/qp38/Track_22_Seg_34.mp4
/Garage_gb2/dash/live/qp38/Track_25_Seg_34.mp4
/Garage_gb2/dash/live/qp38/Track_32_Seg_35.mp4
/Garage_gb2/dash/live/qp38/Track_27_Seg_35.mp4
/Garage_gb2/dash/live/Ext_2_Seg_35.mp4
/Garage_gb2/dash/live/qp38/Track_25_Seg_35.mp4
/Garage_gb2/dash/live/qp38/Track_47_Seg_35.mp4
/Garage_gb2/dash/live/qp38/Track_28_Seg_35.mp4
/Garage_gb2/dash/live/qp38/Track_33_Seg_35.mp4
/Garage_gb2/dash/live/qp38/Track_26_Seg_35.mp4
/Garage_gb2/dash/live/qp38/Track_6_Seg_35.mp4
/Garage_gb2/dash/live/qp38/Track_39_Seg_35.mp4
/Garage_gb2/dash/live/qp38/Track_31_Seg_35.mp4
/Garage_gb2/dash/live/qp38/Track_18_Seg_35.mp4
/Garage_gb2/dash/live/qp38/Track_12_Seg_35.mp4
/Garage_gb2/dash/live/qp38/Track_5_Seg_35.mp4
/Garage_gb2/dash/live/qp38/Track_19_Seg_35.mp4
/Garage_gb2/dash/live/qp38/Track_13_Seg_35.mp4
/Garage_gb2/dash/live/qp38/Track_22_Seg_35.mp4
/Garage_gb2/dash/live/Ext_2_Seg_36.mp4
/Garage_gb2/dash/live/qp38/Track_32_Seg_36.mp4
/Garage_gb2/dash/live/qp38/Track_26_Seg_36.mp4
/Garage_gb2/dash/live/qp38/Track_33_Seg_36.mp4
/Garage_gb2/dash/live/qp38/Track_25_Seg_36.mp4
/Garage_gb2/dash/live/qp38/Track_47_Seg_36.mp4
/Garage_gb2/dash/live/qp38/Track_28_Seg_36.mp4
/Garage_gb2/dash/live/qp38/Track_27_Seg_36.mp4
/Garage_gb2/dash/live/qp38/Track_5_Seg_36.mp4
/Garage_gb2/dash/live/qp38/Track_39_Seg_36.mp4
/Garage_gb2/dash/live/qp38/Track_31_Seg_36.mp4
/Garage_gb2/dash/live/qp38/Track_13_Seg_36.mp4
/Garage_gb2/dash/live/qp38/Track_11_Seg_36.mp4
/Garage_gb2/dash/live/qp38/Track_6_Seg_36.mp4
/Garage_gb2/dash/live/qp38/Track_19_Seg_36.mp4
/Garage_gb2/dash/live/qp38/Track_16_Seg_36.mp4
/Garage_gb2/dash/live/qp38/Track_12_Seg_36.mp4
/Garage_gb2/dash/live/qp38/Track_22_Seg_36.mp4
/Garage_gb2/dash/live/qp38/Track_18_Seg_36.mp4
/Garage_gb2/dash/live/qp38/Track_27_Seg_37.mp4
/Garage_gb2/dash/live/Ext_3_Seg_37.mp4
/Garage_gb2/dash/live/qp38/Track_33_Seg_37.mp4
/Garage_gb2/dash/live/qp38/Track_26_Seg_37.mp4
/Garage_gb2/dash/live/qp38/Track_34_Seg_37.mp4
/Garage_gb2/dash/live/qp38/Track_28_Seg_37.mp4
/Garage_gb2/dash/live/qp38/Track_47_Seg_37.mp4
/Garage_gb2/dash/live/qp38/Track_6_Seg_37.mp4
/Garage_gb2/dash/live/qp38/Track_25_Seg_37.mp4
/Garage_gb2/dash/live/qp38/Track_32_Seg_37.mp4
/Garage_gb2/dash/live/qp38/Track_13_Seg_37.mp4
/Garage_gb2/dash/live/qp38/Track_11_Seg_37.mp4
/Garage_gb2/dash/live/qp38/Track_19_Seg_37.mp4
/Garage_gb2/dash/live/qp38/Track_39_Seg_37.mp4
/Garage_gb2/dash/live/qp38/Track_14_Seg_37.mp4
/Garage_gb2/dash/live/qp38/Track_12_Seg_37.mp4
/Garage_gb2/dash/live/qp38/Track_22_Seg_37.mp4
/Garage_gb2/dash/live/qp38/Track_18_Seg_37.mp4
/Garage_gb2/dash/live/qp38/Track_16_Seg_37.mp4
/Garage_gb2/dash/live/Ext_3_Seg_38.mp4
/Garage_gb2/dash/live/qp38/Track_28_Seg_38.mp4
/Garage_gb2/dash/live/qp38/Track_47_Seg_38.mp4
/Garage_gb2/dash/live/qp38/Track_33_Seg_38.mp4
/Garage_gb2/dash/live/qp38/Track_27_Seg_38.mp4
/Garage_gb2/dash/live/qp38/Track_32_Seg_38.mp4
/Garage_gb2/dash/live/qp38/Track_34_Seg_38.mp4
/Garage_gb2/dash/live/qp38/Track_26_Seg_38.mp4
/Garage_gb2/dash/live/qp38/Track_11_Seg_38.mp4
/Garage_gb2/dash/live/qp38/Track_39_Seg_38.mp4
/Garage_gb2/dash/live/qp38/Track_25_Seg_38.mp4
/Garage_gb2/dash/live/qp38/Track_14_Seg_38.mp4
/Garage_gb2/dash/live/qp38/Track_6_Seg_38.mp4
/Garage_gb2/dash/live/qp38/Track_12_Seg_38.mp4
/Garage_gb2/dash/live/qp38/Track_19_Seg_38.mp4
/Garage_gb2/dash/live/qp38/Track_13_Seg_38.mp4
/Garage_gb2/dash/live/qp38/Track_16_Seg_38.mp4
/Garage_gb2/dash/live/qp38/Track_18_Seg_38.mp4
/Garage_gb2/dash/live/qp38/Track_22_Seg_38.mp4
/Garage_gb2/dash/live/qp38/Track_27_Seg_39.mp4
/Garage_gb2/dash/live/qp38/Track_28_Seg_39.mp4
/Garage_gb2/dash/live/Ext_3_Seg_39.mp4
/Garage_gb2/dash/live/qp38/Track_26_Seg_39.mp4
/Garage_gb2/dash/live/qp38/Track_33_Seg_39.mp4
/Garage_gb2/dash/live/qp38/Track_25_Seg_39.mp4
/Garage_gb2/dash/live/qp38/Track_47_Seg_39.mp4
/Garage_gb2/dash/live/qp38/Track_34_Seg_39.mp4
/Garage_gb2/dash/live/qp38/Track_11_Seg_39.mp4
/Garage_gb2/dash/live/qp38/Track_32_Seg_39.mp4
/Garage_gb2/dash/live/qp38/Track_6_Seg_39.mp4
/Garage_gb2/dash/live/qp38/Track_14_Seg_39.mp4
/Garage_gb2/dash/live/qp38/Track_39_Seg_39.mp4
/Garage_gb2/dash/live/qp38/Track_13_Seg_39.mp4
/Garage_gb2/dash/live/qp38/Track_19_Seg_39.mp4
/Garage_gb2/dash/live/qp38/Track_12_Seg_39.mp4
/Garage_gb2/dash/live/qp38/Track_18_Seg_39.mp4
/Garage_gb2/dash/live/qp38/Track_16_Seg_39.mp4
/Garage_gb2/dash/live/qp38/Track_22_Seg_39.mp4
/Garage_gb2/dash/live/qp38/Track_47_Seg_40.mp4
/Garage_gb2/dash/live/qp38/Track_28_Seg_40.mp4
/Garage_gb2/dash/live/Ext_3_Seg_40.mp4
/Garage_gb2/dash/live/qp38/Track_27_Seg_40.mp4
/Garage_gb2/dash/live/qp38/Track_33_Seg_40.mp4
/Garage_gb2/dash/live/qp38/Track_39_Seg_40.mp4
/Garage_gb2/dash/live/qp38/Track_26_Seg_40.mp4
/Garage_gb2/dash/live/qp38/Track_25_Seg_40.mp4
/Garage_gb2/dash/live/qp38/Track_12_Seg_40.mp4
/Garage_gb2/dash/live/qp38/Track_11_Seg_40.mp4
/Garage_gb2/dash/live/qp38/Track_32_Seg_40.mp4
/Garage_gb2/dash/live/qp38/Track_16_Seg_40.mp4
/Garage_gb2/dash/live/qp38/Track_6_Seg_40.mp4
/Garage_gb2/dash/live/qp38/Track_14_Seg_40.mp4
/Garage_gb2/dash/live/qp38/Track_22_Seg_40.mp4
/Garage_gb2/dash/live/qp38/Track_13_Seg_40.mp4
/Garage_gb2/dash/live/qp38/Track_19_Seg_40.mp4
/Garage_gb2/dash/live/qp38/Track_18_Seg_40.mp4
/Garage_gb2/dash/live/qp38/Track_34_Seg_40.mp4
/Garage_gb2/dash/live/Ext_3_Seg_41.mp4
/Garage_gb2/dash/live/qp38/Track_27_Seg_41.mp4
/Garage_gb2/dash/live/qp38/Track_33_Seg_41.mp4
/Garage_gb2/dash/live/qp38/Track_34_Seg_41.mp4
/Garage_gb2/dash/live/qp38/Track_26_Seg_41.mp4
/Garage_gb2/dash/live/qp38/Track_28_Seg_41.mp4
/Garage_gb2/dash/live/qp38/Track_39_Seg_41.mp4
/Garage_gb2/dash/live/qp38/Track_47_Seg_41.mp4
/Garage_gb2/dash/live/qp38/Track_25_Seg_41.mp4
/Garage_gb2/dash/live/qp38/Track_12_Seg_41.mp4
/Garage_gb2/dash/live/qp38/Track_32_Seg_41.mp4
/Garage_gb2/dash/live/qp38/Track_11_Seg_41.mp4
/Garage_gb2/dash/live/qp38/Track_16_Seg_41.mp4
/Garage_gb2/dash/live/qp38/Track_6_Seg_41.mp4
/Garage_gb2/dash/live/qp38/Track_14_Seg_41.mp4
/Garage_gb2/dash/live/qp38/Track_22_Seg_41.mp4
/Garage_gb2/dash/live/qp38/Track_13_Seg_41.mp4
/Garage_gb2/dash/live/qp38/Track_19_Seg_41.mp4
/Garage_gb2/dash/live/qp38/Track_18_Seg_41.mp4
/Garage_gb2/dash/live/qp38/Track_47_Seg_42.mp4
/Garage_gb2/dash/live/Ext_3_Seg_42.mp4
/Garage_gb2/dash/live/qp38/Track_28_Seg_42.mp4
/Garage_gb2/dash/live/qp38/Track_27_Seg_42.mp4
/Garage_gb2/dash/live/qp38/Track_32_Seg_42.mp4
/Garage_gb2/dash/live/qp38/Track_33_Seg_42.mp4
/Garage_gb2/dash/live/qp38/Track_6_Seg_42.mp4
/Garage_gb2/dash/live/qp38/Track_26_Seg_42.mp4
/Garage_gb2/dash/live/qp38/Track_25_Seg_42.mp4
/Garage_gb2/dash/live/qp38/Track_12_Seg_42.mp4
/Garage_gb2/dash/live/qp38/Track_34_Seg_42.mp4
/Garage_gb2/dash/live/qp38/Track_11_Seg_42.mp4
/Garage_gb2/dash/live/qp38/Track_39_Seg_42.mp4
/Garage_gb2/dash/live/qp38/Track_16_Seg_42.mp4
/Garage_gb2/dash/live/qp38/Track_14_Seg_42.mp4
/Garage_gb2/dash/live/qp38/Track_13_Seg_42.mp4
/Garage_gb2/dash/live/qp38/Track_19_Seg_42.mp4
/Garage_gb2/dash/live/qp38/Track_18_Seg_42.mp4
/Garage_gb2/dash/live/qp38/Track_22_Seg_42.mp4
/Garage_gb2/dash/live/qp38/Track_27_Seg_43.mp4
/Garage_gb2/dash/live/qp38/Track_33_Seg_43.mp4
/Garage_gb2/dash/live/Ext_3_Seg_43.mp4
/Garage_gb2/dash/live/qp38/Track_47_Seg_43.mp4
/Garage_gb2/dash/live/qp38/Track_28_Seg_43.mp4
/Garage_gb2/dash/live/qp38/Track_34_Seg_43.mp4
/Garage_gb2/dash/live/qp38/Track_26_Seg_43.mp4
/Garage_gb2/dash/live/qp38/Track_25_Seg_43.mp4
/Garage_gb2/dash/live/qp38/Track_11_Seg_43.mp4
/Garage_gb2/dash/live/qp38/Track_32_Seg_43.mp4
/Garage_gb2/dash/live/qp38/Track_6_Seg_43.mp4
/Garage_gb2/dash/live/qp38/Track_14_Seg_43.mp4
/Garage_gb2/dash/live/qp38/Track_13_Seg_43.mp4
/Garage_gb2/dash/live/qp38/Track_39_Seg_43.mp4
/Garage_gb2/dash/live/qp38/Track_19_Seg_43.mp4
/Garage_gb2/dash/live/qp38/Track_18_Seg_43.mp4
/Garage_gb2/dash/live/qp38/Track_12_Seg_43.mp4
/Garage_gb2/dash/live/qp38/Track_22_Seg_43.mp4
/Garage_gb2/dash/live/qp38/Track_16_Seg_43.mp4
/Garage_gb2/dash/live/Ext_3_Seg_44.mp4
/Garage_gb2/dash/live/qp38/Track_27_Seg_44.mp4
/Garage_gb2/dash/live/qp38/Track_33_Seg_44.mp4
/Garage_gb2/dash/live/qp38/Track_32_Seg_44.mp4
/Garage_gb2/dash/live/qp38/Track_47_Seg_44.mp4
/Garage_gb2/dash/live/qp38/Track_28_Seg_44.mp4
/Garage_gb2/dash/live/qp38/Track_39_Seg_44.mp4
/Garage_gb2/dash/live/qp38/Track_25_Seg_44.mp4
/Garage_gb2/dash/live/qp38/Track_26_Seg_44.mp4
/Garage_gb2/dash/live/qp38/Track_12_Seg_44.mp4
/Garage_gb2/dash/live/qp38/Track_11_Seg_44.mp4
/Garage_gb2/dash/live/qp38/Track_34_Seg_44.mp4
/Garage_gb2/dash/live/qp38/Track_16_Seg_44.mp4
/Garage_gb2/dash/live/qp38/Track_13_Seg_44.mp4
/Garage_gb2/dash/live/qp38/Track_6_Seg_44.mp4
/Garage_gb2/dash/live/qp38/Track_18_Seg_44.mp4
/Garage_gb2/dash/live/qp38/Track_22_Seg_44.mp4
/Garage_gb2/dash/live/qp38/Track_14_Seg_44.mp4
/Garage_gb2/dash/live/qp38/Track_19_Seg_44.mp4
/Garage_gb2/dash/live/qp38/Track_27_Seg_45.mp4
/Garage_gb2/dash/live/qp38/Track_28_Seg_45.mp4
/Garage_gb2/dash/live/Ext_3_Seg_45.mp4
/Garage_gb2/dash/live/qp38/Track_26_Seg_45.mp4
/Garage_gb2/dash/live/qp38/Track_25_Seg_45.mp4
/Garage_gb2/dash/live/qp38/Track_33_Seg_45.mp4
/Garage_gb2/dash/live/qp38/Track_47_Seg_45.mp4
/Garage_gb2/dash/live/qp38/Track_11_Seg_45.mp4
/Garage_gb2/dash/live/qp38/Track_34_Seg_45.mp4
/Garage_gb2/dash/live/qp38/Track_32_Seg_45.mp4
/Garage_gb2/dash/live/qp38/Track_14_Seg_45.mp4
/Garage_gb2/dash/live/qp38/Track_6_Seg_45.mp4
/Garage_gb2/dash/live/qp38/Track_39_Seg_45.mp4
/Garage_gb2/dash/live/qp38/Track_18_Seg_45.mp4
/Garage_gb2/dash/live/qp38/Track_13_Seg_45.mp4
/Garage_gb2/dash/live/qp38/Track_12_Seg_45.mp4
/Garage_gb2/dash/live/qp38/Track_19_Seg_45.mp4
/Garage_gb2/dash/live/qp38/Track_16_Seg_45.mp4
/Garage_gb2/dash/live/qp38/Track_22_Seg_45.mp4
/Garage_gb2/dash/live/qp38/Track_27_Seg_46.mp4
/Garage_gb2/dash/live/Ext_3_Seg_46.mp4
/Garage_gb2/dash/live/qp38/Track_28_Seg_46.mp4
/Garage_gb2/dash/live/qp38/Track_47_Seg_46.mp4
/Garage_gb2/dash/live/qp38/Track_32_Seg_46.mp4
/Garage_gb2/dash/live/qp38/Track_33_Seg_46.mp4
/Garage_gb2/dash/live/qp38/Track_26_Seg_46.mp4
/Garage_gb2/dash/live/qp38/Track_6_Seg_46.mp4
/Garage_gb2/dash/live/qp38/Track_25_Seg_46.mp4
/Garage_gb2/dash/live/qp38/Track_34_Seg_46.mp4
/Garage_gb2/dash/live/qp38/Track_13_Seg_46.mp4
/Garage_gb2/dash/live/qp38/Track_11_Seg_46.mp4
/Garage_gb2/dash/live/qp38/Track_39_Seg_46.mp4
/Garage_gb2/dash/live/qp38/Track_19_Seg_46.mp4
/Garage_gb2/dash/live/qp38/Track_16_Seg_46.mp4
/Garage_gb2/dash/live/qp38/Track_12_Seg_46.mp4
/Garage_gb2/dash/live/qp38/Track_22_Seg_46.mp4
/Garage_gb2/dash/live/qp38/Track_18_Seg_46.mp4
/Garage_gb2/dash/live/qp38/Track_27_Seg_47.mp4
/Garage_gb2/dash/live/Ext_3_Seg_47.mp4
/Garage_gb2/dash/live/qp38/Track_28_Seg_47.mp4
/Garage_gb2/dash/live/qp38/Track_47_Seg_47.mp4
/Garage_gb2/dash/live/qp38/Track_34_Seg_47.mp4
/Garage_gb2/dash/live/qp38/Track_33_Seg_47.mp4
/Garage_gb2/dash/live/qp38/Track_26_Seg_47.mp4
/Garage_gb2/dash/live/qp38/Track_6_Seg_47.mp4
/Garage_gb2/dash/live/qp38/Track_25_Seg_47.mp4
/Garage_gb2/dash/live/qp38/Track_32_Seg_47.mp4
/Garage_gb2/dash/live/qp38/Track_11_Seg_47.mp4
/Garage_gb2/dash/live/qp38/Track_13_Seg_47.mp4
/Garage_gb2/dash/live/qp38/Track_39_Seg_47.mp4
/Garage_gb2/dash/live/qp38/Track_16_Seg_47.mp4
/Garage_gb2/dash/live/qp38/Track_19_Seg_47.mp4
/Garage_gb2/dash/live/qp38/Track_12_Seg_47.mp4
/Garage_gb2/dash/live/qp38/Track_22_Seg_47.mp4
/Garage_gb2/dash/live/qp38/Track_18_Seg_47.mp4
/Garage_gb2/dash/live/qp38/Track_25_Seg_48.mp4
/Garage_gb2/dash/live/qp38/Track_27_Seg_48.mp4
/Garage_gb2/dash/live/Ext_3_Seg_48.mp4
/Garage_gb2/dash/live/qp38/Track_32_Seg_48.mp4
/Garage_gb2/dash/live/qp38/Track_26_Seg_48.mp4
/Garage_gb2/dash/live/qp38/Track_12_Seg_48.mp4
/Garage_gb2/dash/live/qp38/Track_6_Seg_48.mp4
/Garage_gb2/dash/live/qp38/Track_47_Seg_48.mp4
/Garage_gb2/dash/live/qp38/Track_22_Seg_48.mp4
/Garage_gb2/dash/live/qp38/Track_11_Seg_48.mp4
/Garage_gb2/dash/live/qp38/Track_16_Seg_48.mp4
/Garage_gb2/dash/live/qp38/Track_19_Seg_48.mp4
/Garage_gb2/dash/live/qp38/Track_47_Seg_49.mp4
/Garage_gb2/dash/live/Ext_3_Seg_49.mp4
/Garage_gb2/dash/live/qp38/Track_26_Seg_49.mp4
/Garage_gb2/dash/live/qp38/Track_32_Seg_49.mp4
/Garage_gb2/dash/live/qp38/Track_11_Seg_49.mp4
/Garage_gb2/dash/live/qp38/Track_27_Seg_49.mp4
/Garage_gb2/dash/live/qp38/Track_25_Seg_49.mp4
/Garage_gb2/dash/live/qp38/Track_19_Seg_49.mp4
/Garage_gb2/dash/live/qp38/Track_6_Seg_49.mp4
/Garage_gb2/dash/live/qp38/Track_16_Seg_49.mp4
/Garage_gb2/dash/live/qp38/Track_12_Seg_49.mp4
/Garage_gb2/dash/live/qp38/Track_22_Seg_49.mp4
/Garage_gb2/dash/live/Ext_3_Seg_50.mp4
/Garage_gb2/dash/live/Ext_3_Seg_51.mp4
/Garage_gb2/dash/live/Ext_3_Seg_52.mp4
/Garage_gb2/dash/live/Ext_3_Seg_53.mp4
/Garage_gb2/dash/live/Ext_3_Seg_54.mp4
/Garage_gb2/dash/live/qp38/Track_35_Seg_60.mp4
/Garage_gb2/dash/live/Ext_4_Seg_60.mp4
/Garage_gb2/dash/live/qp38/Track_8_Seg_60.mp4
/Garage_gb2/dash/live/qp38/Track_42_Seg_60.mp4
/Garage_gb2/dash/live/qp38/Track_1_Seg_60.mp4
/Garage_gb2/dash/live/qp38/Track_30_Seg_60.mp4
/Garage_gb2/dash/live/qp38/Track_15_Seg_60.mp4
/Garage_gb2/dash/live/qp38/Track_1_Seg_61.mp4
/Garage_gb2/dash/live/Ext_4_Seg_61.mp4
/Garage_gb2/dash/live/qp38/Track_35_Seg_61.mp4
/Garage_gb2/dash/live/qp38/Track_8_Seg_61.mp4
/Garage_gb2/dash/live/qp38/Track_30_Seg_61.mp4
/Garage_gb2/dash/live/qp38/Track_15_Seg_61.mp4
/Garage_gb2/dash/live/qp38/Track_42_Seg_61.mp4
/Garage_gb2/dash/live/qp38/Track_48_Seg_62.mp4
/Garage_gb2/dash/live/Ext_4_Seg_62.mp4
/Garage_gb2/dash/live/qp38/Track_8_Seg_62.mp4
/Garage_gb2/dash/live/qp38/Track_30_Seg_62.mp4
/Garage_gb2/dash/live/qp38/Track_21_Seg_62.mp4
/Garage_gb2/dash/live/qp38/Track_7_Seg_62.mp4
/Garage_gb2/dash/live/qp38/Track_29_Seg_62.mp4
/Garage_gb2/dash/live/qp38/Track_15_Seg_62.mp4
/Garage_gb2/dash/live/qp38/Track_48_Seg_63.mp4
/Garage_gb2/dash/live/qp38/Track_7_Seg_63.mp4
/Garage_gb2/dash/live/qp38/Track_30_Seg_63.mp4
/Garage_gb2/dash/live/qp38/Track_8_Seg_63.mp4
/Garage_gb2/dash/live/qp38/Track_15_Seg_63.mp4
/Garage_gb2/dash/live/Ext_4_Seg_63.mp4
/Garage_gb2/dash/live/qp38/Track_21_Seg_63.mp4
/Garage_gb2/dash/live/qp38/Track_29_Seg_63.mp4
/Garage_gb2/dash/live/qp38/Track_48_Seg_64.mp4
/Garage_gb2/dash/live/Ext_23_Seg_64.mp4
/Garage_gb2/dash/live/qp38/Track_15_Seg_64.mp4
/Garage_gb2/dash/live/qp38/Track_7_Seg_64.mp4
/Garage_gb2/dash/live/qp38/Track_21_Seg_64.mp4
/Garage_gb2/dash/live/qp38/Track_29_Seg_64.mp4
/Garage_gb2/dash/live/Ext_23_Seg_65.mp4
/Garage_gb2/dash/live/qp38/Track_21_Seg_65.mp4
/Garage_gb2/dash/live/qp38/Track_29_Seg_65.mp4
/Garage_gb2/dash/live/qp38/Track_48_Seg_65.mp4
/Garage_gb2/dash/live/qp38/Track_15_Seg_65.mp4
/Garage_gb2/dash/live/qp38/Track_7_Seg_65.mp4
/Garage_gb2/dash/live/Ext_8_Seg_66.mp4
/Garage_gb2/dash/live/Ext_8_Seg_67.mp4
/Garage_gb2/dash/live/Ext_8_Seg_68.mp4
/Garage_gb2/dash/live/Ext_8_Seg_69.mp4
/Garage_gb2/dash/live/qp38/Track_48_Seg_70.mp4
/Garage_gb2/dash/live/Ext_2_Seg_70.mp4
/Garage_gb2/dash/live/qp38/Track_21_Seg_70.mp4
/Garage_gb2/dash/live/qp38/Track_48_Seg_71.mp4
/Garage_gb2/dash/live/Ext_2_Seg_71.mp4
/Garage_gb2/dash/live/qp38/Track_21_Seg_71.mp4
/Garage_gb2/dash/live/Ext_2_Seg_72.mp4
/Garage_gb2/dash/live/qp38/Track_21_Seg_72.mp4
/Garage_gb2/dash/live/qp38/Track_48_Seg_72.mp4
/Garage_gb2/dash/live/qp38/Track_48_Seg_73.mp4
/Garage_gb2/dash/live/Ext_2_Seg_73.mp4
/Garage_gb2/dash/live/qp38/Track_21_Seg_73.mp4
/Garage_gb2/dash/live/qp38/Track_48_Seg_74.mp4
/Garage_gb2/dash/live/Ext_3_Seg_74.mp4
/Garage_gb2/dash/live/qp38/Track_21_Seg_74.mp4
/Garage_gb2/dash/live/qp38/Track_7_Seg_74.mp4
/Garage_gb2/dash/live/qp38/Track_29_Seg_74.mp4
/Garage_gb2/dash/live/Ext_2_Seg_76.mp4
/Garage_gb2/dash/live/Ext_2_Seg_77.mp4
/Garage_gb2/dash/live/Ext_13_Seg_78.mp4
/Garage_gb2/dash/live/qp38/Track_43_Seg_78.mp4
/Garage_gb2/dash/live/qp38/Track_1_Seg_78.mp4
/Garage_gb2/dash/live/qp38/Track_30_Seg_78.mp4
/Garage_gb2/dash/live/qp38/Track_2_Seg_78.mp4
/Garage_gb2/dash/live/qp38/Track_46_Seg_78.mp4
/Garage_gb2/dash/live/qp38/Track_36_Seg_78.mp4
/Garage_gb2/dash/live/qp38/Track_15_Seg_78.mp4
/Garage_gb2/dash/live/qp38/Track_8_Seg_78.mp4
/Garage_gb2/dash/live/qp38/Track_23_Seg_78.mp4
/Garage_gb2/dash/live/Ext_13_Seg_79.mp4
/Garage_gb2/dash/live/qp38/Track_2_Seg_79.mp4
/Garage_gb2/dash/live/qp38/Track_36_Seg_79.mp4
/Garage_gb2/dash/live/qp38/Track_8_Seg_79.mp4
/Garage_gb2/dash/live/qp38/Track_1_Seg_79.mp4
/Garage_gb2/dash/live/qp38/Track_30_Seg_79.mp4
/Garage_gb2/dash/live/qp38/Track_46_Seg_79.mp4
/Garage_gb2/dash/live/qp38/Track_23_Seg_79.mp4
/Garage_gb2/dash/live/qp38/Track_43_Seg_79.mp4
/Garage_gb2/dash/live/qp38/Track_15_Seg_79.mp4
/Garage_gb2/dash/live/Ext_15_Seg_86.mp4
/Garage_gb2/dash/live/qp38/Track_32_Seg_86.mp4
/Garage_gb2/dash/live/qp38/Track_44_Seg_86.mp4
/Garage_gb2/dash/live/qp38/Track_5_Seg_86.mp4
/Garage_gb2/dash/live/qp38/Track_45_Seg_86.mp4
/Garage_gb2/dash/live/qp38/Track_31_Seg_86.mp4
/Garage_gb2/dash/live/qp38/Track_24_Seg_86.mp4
/Garage_gb2/dash/live/qp38/Track_39_Seg_86.mp4
/Garage_gb2/dash/live/qp38/Track_6_Seg_86.mp4
/Garage_gb2/dash/live/qp38/Track_18_Seg_86.mp4
/Garage_gb2/dash/live/qp38/Track_39_Seg_87.mp4
/Garage_gb2/dash/live/Ext_15_Seg_87.mp4
/Garage_gb2/dash/live/qp38/Track_44_Seg_87.mp4
/Garage_gb2/dash/live/qp38/Track_32_Seg_87.mp4
/Garage_gb2/dash/live/qp38/Track_6_Seg_87.mp4
/Garage_gb2/dash/live/qp38/Track_31_Seg_87.mp4
/Garage_gb2/dash/live/qp38/Track_45_Seg_87.mp4
/Garage_gb2/dash/live/qp38/Track_18_Seg_87.mp4
/Garage_gb2/dash/live/qp38/Track_5_Seg_87.mp4
/Garage_gb2/dash/live/qp38/Track_24_Seg_87.mp4
/Garage_gb2/dash/live/Ext_11_Seg_88.mp4
/Garage_gb2/dash/live/qp38/Track_39_Seg_88.mp4
/Garage_gb2/dash/live/qp38/Track_18_Seg_88.mp4
/Garage_gb2/dash/live/Ext_11_Seg_89.mp4
/Garage_gb2/dash/live/qp38/Track_18_Seg_89.mp4
/Garage_gb2/dash/live/qp38/Track_39_Seg_89.mp4
/Garage_gb2/dash/live/Ext_11_Seg_90.mp4
/Garage_gb2/dash/live/qp38/Track_18_Seg_90.mp4
/Garage_gb2/dash/live/qp38/Track_39_Seg_90.mp4
/omaf.js/
